2026-04-10 14:55:08.626 | INFO     | main:lifespan:110 - Creating database...
2026-04-10 14:55:08.643 | INFO     | main:lifespan:112 - Database initialized
2026-04-10 14:55:08.644 | INFO     | main:lifespan:114 - Startup: WEBHOOK_URL='https://ai.sst13.ru/webhook'
2026-04-10 14:55:08.656 | INFO     | main:lifespan:110 - Creating database...
2026-04-10 14:55:08.670 | INFO     | main:lifespan:112 - Database initialized
2026-04-10 14:55:08.671 | INFO     | main:lifespan:114 - Startup: WEBHOOK_URL='https://ai.sst13.ru/webhook'
2026-04-10 14:55:08.788 | INFO     | httpx._client:_send_single_request:1740 - HTTP Request: POST https://platform-api.max.ru/subscriptions "HTTP/1.1 200 OK"
2026-04-10 14:55:08.790 | INFO     | max_api:subscribe_webhook:104 - Webhook подписка создана: https://ai.sst13.ru/webhook
2026-04-10 14:55:08.790 | INFO     | uvicorn.lifespan.on:startup:62 - Application startup complete.
2026-04-10 14:55:08.801 | INFO     | httpx._client:_send_single_request:1740 - HTTP Request: POST https://platform-api.max.ru/subscriptions "HTTP/1.1 200 OK"
2026-04-10 14:55:08.802 | INFO     | max_api:subscribe_webhook:104 - Webhook подписка создана: https://ai.sst13.ru/webhook
2026-04-10 14:55:08.802 | INFO     | uvicorn.lifespan.on:startup:62 - Application startup complete.
2026-04-10 14:56:00.136 | INFO     | max_api:handle_webhook:217 - === Входящий webhook запрос ===
2026-04-10 14:56:00.136 | INFO     | max_api:handle_webhook:218 - Method: POST, URL: http://ai.sst13.ru/webhook
2026-04-10 14:56:00.137 | INFO     | max_api:handle_webhook:219 - Headers: {'host': 'ai.sst13.ru', 'x-real-ip': '31.177.104.115', 'x-forwarded-for': '31.177.104.115', 'x-forwarded-proto': 'https', 'connection': 'close', 'content-length': '545', 'x-max-bot-api-secret': 'aRwL136hkTRi6QoCff0949034HCMeTR93756OIeron3v0q900', 'user-agent': 'OneMe/0.1.10 Bot API', 'content-type': 'application/json; charset=UTF-8'}
2026-04-10 14:56:00.137 | INFO     | max_api:handle_webhook:222 - Body: {"timestamp":1775822159125,"message":{"recipient":{"chat_id":144205101,"chat_type":"dialog","user_id":147967200},"timestamp":1775822159125,"body":{"mid":"mid.000000000898652d019d773fbd151369","seq":116380281020420969,"text":"что такое worker в fastapi и сколько их должн быть на 1CPU"},"sender":{"user_id":4827597,"first_name":"Сергей","last_name":"Ведяйкин","is_bot":false,"last_activity_time":1775822160000,"name":"Сергей Ведяйкин"}},"user_locale":"ru","update_type":"message_created"}
2026-04-10 14:56:00.138 | INFO     | max_api:handle_webhook:226 - X-Max-Bot-Api-Secret header: 'aRwL136hkTRi6QoCff0949034HCMeTR93756OIeron3v0q900'
2026-04-10 14:56:00.138 | INFO     | max_api:handle_webhook:237 - Webhook payload: message_created
2026-04-10 14:56:00.138 | INFO     | max_api:process_update:161 - Сообщение от Сергей Ведяйкин: что такое worker в fastapi и сколько их должн быть на 1CPU
2026-04-10 14:56:00.204 | INFO     | httpx._client:_send_single_request:1025 - HTTP Request: POST https://ngw.devices.sberbank.ru:9443/api/v2/oauth "HTTP/1.1 200 OK"
2026-04-10 14:56:04.240 | INFO     | httpx._client:_send_single_request:1025 - HTTP Request: POST https://gigachat.devices.sberbank.ru/api/v1/chat/completions "HTTP/1.1 200 OK"
2026-04-10 14:56:07.038 | INFO     | httpx._client:_send_single_request:1740 - HTTP Request: POST https://platform-api.max.ru/messages?user_id=4827597 "HTTP/1.1 200 OK"
2026-04-10 14:56:07.041 | INFO     | uvicorn.protocols.http.httptools_impl:send:484 -  - "POST /webhook HTTP/1.0" 200
2026-04-10 14:59:36.082 | INFO     | max_api:handle_webhook:217 - === Входящий webhook запрос ===
2026-04-10 14:59:36.083 | INFO     | max_api:handle_webhook:218 - Method: POST, URL: http://ai.sst13.ru/webhook
2026-04-10 14:59:36.083 | INFO     | max_api:handle_webhook:219 - Headers: {'host': 'ai.sst13.ru', 'x-real-ip': '31.177.104.114', 'x-forwarded-for': '31.177.104.114', 'x-forwarded-proto': 'https', 'connection': 'close', 'content-length': '547', 'x-max-bot-api-secret': 'aRwL136hkTRi6QoCff0949034HCMeTR93756OIeron3v0q900', 'user-agent': 'OneMe/0.1.10 Bot API', 'content-type': 'application/json; charset=UTF-8'}
2026-04-10 14:59:36.084 | INFO     | max_api:handle_webhook:222 - Body: {"timestamp":1775822375050,"message":{"recipient":{"chat_id":144205101,"chat_type":"dialog","user_id":147967200},"timestamp":1775822375050,"body":{"mid":"mid.000000000898652d019d7743088a761d","seq":116380295171307037,"text":"[2026-04-10 14:58:01 +0300] [1727] [INFO] Handling signal: winch расшифруй это"},"sender":{"user_id":4827597,"first_name":"Сергей","last_name":"Ведяйкин","is_bot":false,"last_activity_time":1775822376000,"name":"Сергей Ведяйкин"}},"user_locale":"ru","update_type":"message_created"}
2026-04-10 14:59:36.084 | INFO     | max_api:handle_webhook:226 - X-Max-Bot-Api-Secret header: 'aRwL136hkTRi6QoCff0949034HCMeTR93756OIeron3v0q900'
2026-04-10 14:59:36.085 | INFO     | max_api:handle_webhook:237 - Webhook payload: message_created
2026-04-10 14:59:36.085 | INFO     | max_api:process_update:161 - Сообщение от Сергей Ведяйкин: [2026-04-10 14:58:01 +0300] [1727] [INFO] Handling signal: winch расшифруй это
2026-04-10 14:59:37.697 | INFO     | httpx._client:_send_single_request:1025 - HTTP Request: POST https://gigachat.devices.sberbank.ru/api/v1/chat/completions "HTTP/1.1 200 OK"
2026-04-10 14:59:37.811 | INFO     | httpx._client:_send_single_request:1740 - HTTP Request: POST https://platform-api.max.ru/messages?user_id=4827597 "HTTP/1.1 200 OK"
2026-04-10 14:59:37.814 | INFO     | uvicorn.protocols.http.httptools_impl:send:484 -  - "POST /webhook HTTP/1.0" 200
2026-04-10 15:02:16.872 | INFO     | uvicorn.protocols.http.httptools_impl:send:484 -  - "GET / HTTP/1.0" 200
2026-04-10 15:02:19.545 | INFO     | uvicorn.protocols.http.httptools_impl:send:484 -  - "GET / HTTP/1.0" 200
2026-04-10 15:02:20.537 | INFO     | uvicorn.protocols.http.httptools_impl:send:484 -  - "GET / HTTP/1.0" 200
2026-04-10 15:08:21.769 | INFO     | uvicorn.server:shutdown:272 - Shutting down
2026-04-10 15:08:21.769 | INFO     | uvicorn.server:shutdown:272 - Shutting down
2026-04-10 15:08:21.770 | INFO     | gunicorn.glogging:info:277 - Error while closing socket [Errno 9] Bad file descriptor
2026-04-10 15:08:21.771 | INFO     | gunicorn.glogging:info:277 - Error while closing socket [Errno 9] Bad file descriptor
2026-04-10 15:08:21.872 | INFO     | uvicorn.lifespan.on:shutdown:67 - Waiting for application shutdown.
2026-04-10 15:08:21.873 | INFO     | uvicorn.lifespan.on:shutdown:67 - Waiting for application shutdown.
2026-04-10 15:08:21.873 | INFO     | main:lifespan:127 - Shutting down, closing DB engine...
2026-04-10 15:08:21.874 | INFO     | main:lifespan:127 - Shutting down, closing DB engine...
2026-04-10 15:08:21.877 | INFO     | uvicorn.lifespan.on:shutdown:76 - Application shutdown complete.
2026-04-10 15:08:21.878 | INFO     | uvicorn.server:_serve:102 - Finished server process [1728]
2026-04-10 15:08:26.750 | INFO     | main:lifespan:110 - Creating database...
2026-04-10 15:08:26.767 | INFO     | main:lifespan:112 - Database initialized
2026-04-10 15:08:26.768 | INFO     | main:lifespan:114 - Startup: WEBHOOK_URL='https://ai.sst13.ru/webhook'
2026-04-10 15:08:26.806 | INFO     | main:lifespan:110 - Creating database...
2026-04-10 15:08:26.824 | INFO     | main:lifespan:112 - Database initialized
2026-04-10 15:08:26.824 | INFO     | main:lifespan:114 - Startup: WEBHOOK_URL='https://ai.sst13.ru/webhook'
2026-04-10 15:08:26.948 | INFO     | httpx._client:_send_single_request:1740 - HTTP Request: POST https://platform-api.max.ru/subscriptions "HTTP/1.1 200 OK"
2026-04-10 15:08:26.949 | INFO     | max_api:subscribe_webhook:104 - Webhook подписка создана: https://ai.sst13.ru/webhook
2026-04-10 15:08:26.950 | INFO     | uvicorn.lifespan.on:startup:62 - Application startup complete.
2026-04-10 15:08:26.958 | INFO     | httpx._client:_send_single_request:1740 - HTTP Request: POST https://platform-api.max.ru/subscriptions "HTTP/1.1 200 OK"
2026-04-10 15:08:26.959 | INFO     | max_api:subscribe_webhook:104 - Webhook подписка создана: https://ai.sst13.ru/webhook
2026-04-10 15:08:26.960 | INFO     | uvicorn.lifespan.on:startup:62 - Application startup complete.
2026-04-10 15:09:42.844 | INFO     | max_api:handle_webhook:217 - === Входящий webhook запрос ===
2026-04-10 15:09:42.844 | INFO     | max_api:handle_webhook:218 - Method: POST, URL: http://ai.sst13.ru/webhook
2026-04-10 15:09:42.845 | INFO     | max_api:handle_webhook:219 - Headers: {'host': 'ai.sst13.ru', 'x-real-ip': '31.177.104.200', 'x-forwarded-for': '31.177.104.200', 'x-forwarded-proto': 'https', 'connection': 'close', 'content-length': '491', 'x-max-bot-api-secret': 'aRwL136hkTRi6QoCff0949034HCMeTR93756OIeron3v0q900', 'user-agent': 'OneMe/0.1.10 Bot API', 'content-type': 'application/json; charset=UTF-8'}
2026-04-10 15:09:42.845 | INFO     | max_api:handle_webhook:222 - Body: {"timestamp":1775822982015,"message":{"recipient":{"chat_id":144205101,"chat_type":"dialog","user_id":147967200},"timestamp":1775822982015,"body":{"mid":"mid.000000000898652d019d774c4b7f31fa","seq":116380334949347834,"text":"и теперь ты вс трою"},"sender":{"user_id":4827597,"first_name":"Сергей","last_name":"Ведяйкин","is_bot":false,"last_activity_time":1775822982000,"name":"Сергей Ведяйкин"}},"user_locale":"ru","update_type":"message_created"}
2026-04-10 15:09:42.845 | INFO     | max_api:handle_webhook:226 - X-Max-Bot-Api-Secret header: 'aRwL136hkTRi6QoCff0949034HCMeTR93756OIeron3v0q900'
2026-04-10 15:09:42.846 | INFO     | max_api:handle_webhook:237 - Webhook payload: message_created
2026-04-10 15:09:42.846 | INFO     | max_api:process_update:161 - Сообщение от Сергей Ведяйкин: и теперь ты вс трою
2026-04-10 15:09:42.901 | INFO     | httpx._client:_send_single_request:1025 - HTTP Request: POST https://ngw.devices.sberbank.ru:9443/api/v2/oauth "HTTP/1.1 200 OK"
2026-04-10 15:09:43.223 | INFO     | httpx._client:_send_single_request:1025 - HTTP Request: POST https://gigachat.devices.sberbank.ru/api/v1/chat/completions "HTTP/1.1 200 OK"
2026-04-10 15:09:43.342 | INFO     | httpx._client:_send_single_request:1740 - HTTP Request: POST https://platform-api.max.ru/messages?user_id=4827597 "HTTP/1.1 200 OK"
2026-04-10 15:09:43.344 | INFO     | uvicorn.protocols.http.httptools_impl:send:484 -  - "POST /webhook HTTP/1.0" 200
2026-04-10 15:16:48.439 | INFO     | main:lifespan:110 - Creating database...
2026-04-10 15:16:48.452 | INFO     | main:lifespan:112 - Database initialized
2026-04-10 15:16:48.453 | INFO     | main:lifespan:114 - Startup: WEBHOOK_URL='https://ai.sst13.ru/webhook'
2026-04-10 15:16:48.452 | INFO     | main:lifespan:110 - Creating database...
2026-04-10 15:16:48.469 | INFO     | main:lifespan:112 - Database initialized
2026-04-10 15:16:48.469 | INFO     | main:lifespan:114 - Startup: WEBHOOK_URL='https://ai.sst13.ru/webhook'
2026-04-10 15:16:48.655 | INFO     | httpx._client:_send_single_request:1740 - HTTP Request: POST https://platform-api.max.ru/subscriptions "HTTP/1.1 200 OK"
2026-04-10 15:16:48.656 | INFO     | max_api:subscribe_webhook:104 - Webhook подписка создана: https://ai.sst13.ru/webhook
2026-04-10 15:16:48.657 | INFO     | uvicorn.lifespan.on:startup:62 - Application startup complete.
2026-04-10 15:16:48.663 | INFO     | httpx._client:_send_single_request:1740 - HTTP Request: POST https://platform-api.max.ru/subscriptions "HTTP/1.1 200 OK"
2026-04-10 15:16:48.664 | INFO     | max_api:subscribe_webhook:104 - Webhook подписка создана: https://ai.sst13.ru/webhook
2026-04-10 15:16:48.665 | INFO     | uvicorn.lifespan.on:startup:62 - Application startup complete.
2026-04-10 15:34:28.707 | INFO     | max_api:handle_webhook:217 - === Входящий webhook запрос ===
2026-04-10 15:34:28.708 | INFO     | max_api:handle_webhook:218 - Method: POST, URL: http://ai.sst13.ru/webhook
2026-04-10 15:34:28.708 | INFO     | max_api:handle_webhook:219 - Headers: {'host': 'ai.sst13.ru', 'x-real-ip': '31.177.104.117', 'x-forwarded-for': '31.177.104.117', 'x-forwarded-proto': 'https', 'connection': 'close', 'content-length': '469', 'x-max-bot-api-secret': 'aRwL136hkTRi6QoCff0949034HCMeTR93756OIeron3v0q900', 'user-agent': 'OneMe/0.1.10 Bot API', 'content-type': 'application/json; charset=UTF-8'}
2026-04-10 15:34:28.709 | INFO     | max_api:handle_webhook:222 - Body: {"timestamp":1775824468620,"message":{"recipient":{"chat_id":144205101,"chat_type":"dialog","user_id":147967200},"timestamp":1775824468620,"body":{"mid":"mid.000000000898652d019d7762fa8c1b36","seq":116380432375487286,"text":"еще ок?"},"sender":{"user_id":4827597,"first_name":"Сергей","last_name":"Ведяйкин","is_bot":false,"last_activity_time":1775824468000,"name":"Сергей Ведяйкин"}},"user_locale":"ru","update_type":"message_created"}
2026-04-10 15:34:28.709 | INFO     | max_api:handle_webhook:226 - X-Max-Bot-Api-Secret header: 'aRwL136hkTRi6QoCff0949034HCMeTR93756OIeron3v0q900'
2026-04-10 15:34:28.710 | INFO     | max_api:handle_webhook:237 - Webhook payload: message_created
2026-04-10 15:34:28.710 | INFO     | max_api:process_update:161 - Сообщение от Сергей Ведяйкин: еще ок?
2026-04-10 15:34:28.767 | INFO     | httpx._client:_send_single_request:1025 - HTTP Request: POST https://ngw.devices.sberbank.ru:9443/api/v2/oauth "HTTP/1.1 200 OK"
2026-04-10 15:34:28.917 | INFO     | httpx._client:_send_single_request:1025 - HTTP Request: POST https://gigachat.devices.sberbank.ru/api/v1/chat/completions "HTTP/1.1 200 OK"
2026-04-10 15:34:29.040 | INFO     | httpx._client:_send_single_request:1740 - HTTP Request: POST https://platform-api.max.ru/messages?user_id=4827597 "HTTP/1.1 200 OK"
2026-04-10 15:34:29.042 | INFO     | uvicorn.protocols.http.httptools_impl:send:484 -  - "POST /webhook HTTP/1.0" 200
2026-04-10 15:35:23.306 | INFO     | uvicorn.protocols.http.httptools_impl:send:484 -  - "GET /SDK/webLanguage HTTP/1.0" 404
2026-04-10 15:35:48.227 | INFO     | uvicorn.protocols.http.httptools_impl:send:484 -  - "PROPFIND / HTTP/1.0" 405
2026-04-10 15:41:20.817 | INFO     | max_api:handle_webhook:217 - === Входящий webhook запрос ===
2026-04-10 15:41:20.818 | INFO     | max_api:handle_webhook:218 - Method: POST, URL: http://ai.sst13.ru/webhook
2026-04-10 15:41:20.818 | INFO     | max_api:handle_webhook:219 - Headers: {'host': 'ai.sst13.ru', 'x-real-ip': '5.101.42.49', 'x-forwarded-for': '5.101.42.49', 'x-forwarded-proto': 'https', 'connection': 'close', 'content-length': '476', 'x-max-bot-api-secret': 'aRwL136hkTRi6QoCff0949034HCMeTR93756OIeron3v0q900', 'user-agent': 'OneMe/0.1.10 Bot API', 'content-type': 'application/json; charset=UTF-8'}
2026-04-10 15:41:20.818 | INFO     | max_api:handle_webhook:222 - Body: {"timestamp":1775824879825,"message":{"recipient":{"chat_id":144205101,"chat_type":"dialog","user_id":147967200},"timestamp":1775824879825,"body":{"mid":"mid.000000000898652d019d776940d16352","seq":116380459324236626,"text":"что нибудь"},"sender":{"user_id":4827597,"first_name":"Сергей","last_name":"Ведяйкин","is_bot":false,"last_activity_time":1775824880000,"name":"Сергей Ведяйкин"}},"user_locale":"ru","update_type":"message_created"}
2026-04-10 15:41:20.819 | INFO     | max_api:handle_webhook:226 - X-Max-Bot-Api-Secret header: 'aRwL136hkTRi6QoCff0949034HCMeTR93756OIeron3v0q900'
2026-04-10 15:41:20.819 | INFO     | max_api:handle_webhook:237 - Webhook payload: message_created
2026-04-10 15:41:20.819 | INFO     | max_api:process_update:161 - Сообщение от Сергей Ведяйкин: что нибудь
2026-04-10 15:41:21.080 | INFO     | httpx._client:_send_single_request:1025 - HTTP Request: POST https://gigachat.devices.sberbank.ru/api/v1/chat/completions "HTTP/1.1 200 OK"
2026-04-10 15:41:21.178 | INFO     | httpx._client:_send_single_request:1740 - HTTP Request: POST https://platform-api.max.ru/messages?user_id=4827597 "HTTP/1.1 200 OK"
2026-04-10 15:41:21.180 | INFO     | uvicorn.protocols.http.httptools_impl:send:484 -  - "POST /webhook HTTP/1.0" 200
2026-04-10 15:42:37.825 | INFO     | max_api:handle_webhook:217 - === Входящий webhook запрос ===
2026-04-10 15:42:37.826 | INFO     | max_api:handle_webhook:218 - Method: POST, URL: http://ai.sst13.ru/webhook
2026-04-10 15:42:37.826 | INFO     | max_api:handle_webhook:219 - Headers: {'host': 'ai.sst13.ru', 'x-real-ip': '5.101.42.53', 'x-forwarded-for': '5.101.42.53', 'x-forwarded-proto': 'https', 'connection': 'close', 'content-length': '476', 'x-max-bot-api-secret': 'aRwL136hkTRi6QoCff0949034HCMeTR93756OIeron3v0q900', 'user-agent': 'OneMe/0.1.10 Bot API', 'content-type': 'application/json; charset=UTF-8'}
2026-04-10 15:42:37.827 | INFO     | max_api:handle_webhook:222 - Body: {"message":{"recipient":{"chat_id":144205101,"chat_type":"dialog","user_id":147967200},"timestamp":1775824715344,"body":{"mid":"mid.000000000898652d019d7766be506352","seq":116380448544809810,"text":"что нибудь"},"sender":{"user_id":4827597,"first_name":"Сергей","last_name":"Ведяйкин","is_bot":false,"last_activity_time":1775824715000,"name":"Сергей Ведяйкин"}},"timestamp":1775824715344,"user_locale":"ru","update_type":"message_created"}
2026-04-10 15:42:37.827 | INFO     | max_api:handle_webhook:226 - X-Max-Bot-Api-Secret header: 'aRwL136hkTRi6QoCff0949034HCMeTR93756OIeron3v0q900'
2026-04-10 15:42:37.828 | INFO     | max_api:handle_webhook:237 - Webhook payload: message_created
2026-04-10 15:42:37.828 | INFO     | max_api:process_update:161 - Сообщение от Сергей Ведяйкин: что нибудь
2026-04-10 15:42:38.103 | INFO     | httpx._client:_send_single_request:1025 - HTTP Request: POST https://gigachat.devices.sberbank.ru/api/v1/chat/completions "HTTP/1.1 200 OK"
2026-04-10 15:42:38.200 | INFO     | httpx._client:_send_single_request:1740 - HTTP Request: POST https://platform-api.max.ru/messages?user_id=4827597 "HTTP/1.1 200 OK"
2026-04-10 15:42:38.202 | INFO     | uvicorn.protocols.http.httptools_impl:send:484 -  - "POST /webhook HTTP/1.0" 200
2026-04-10 16:11:05.236 | INFO     | uvicorn.protocols.http.httptools_impl:send:484 -  - "HEAD /.env HTTP/1.0" 404
2026-04-10 16:11:05.284 | INFO     | uvicorn.protocols.http.httptools_impl:send:484 -  - "HEAD /.env.local HTTP/1.0" 404
2026-04-10 16:11:05.331 | INFO     | uvicorn.protocols.http.httptools_impl:send:484 -  - "HEAD /.env.prod HTTP/1.0" 404
2026-04-10 16:11:05.380 | INFO     | uvicorn.protocols.http.httptools_impl:send:484 -  - "HEAD /.env.dev HTTP/1.0" 404
2026-04-10 16:11:05.678 | INFO     | uvicorn.protocols.http.httptools_impl:send:484 -  - "HEAD /.env HTTP/1.0" 404
2026-04-10 16:11:05.726 | INFO     | uvicorn.protocols.http.httptools_impl:send:484 -  - "HEAD /.env.local HTTP/1.0" 404
2026-04-10 16:11:05.775 | INFO     | uvicorn.protocols.http.httptools_impl:send:484 -  - "HEAD /.env.prod HTTP/1.0" 404
2026-04-10 16:11:05.825 | INFO     | uvicorn.protocols.http.httptools_impl:send:484 -  - "HEAD /.env.dev HTTP/1.0" 404
2026-04-10 16:34:07.692 | INFO     | uvicorn.protocols.http.httptools_impl:send:484 -  - "GET /%27%2Burl%2B%27%22 HTTP/1.0" 404
2026-04-10 17:16:49.327 | INFO     | uvicorn.protocols.http.httptools_impl:send:484 -  - "GET / HTTP/1.0" 200
2026-04-10 17:17:12.369 | INFO     | uvicorn.protocols.http.httptools_impl:send:484 -  - "PROPFIND / HTTP/1.0" 405
2026-04-10 18:33:22.131 | INFO     | uvicorn.protocols.http.httptools_impl:send:484 -  - "GET /.git/config HTTP/1.0" 404
2026-04-10 18:39:48.557 | INFO     | uvicorn.protocols.http.httptools_impl:send:484 -  - "GET / HTTP/1.0" 200
2026-04-10 18:40:56.648 | INFO     | uvicorn.protocols.http.httptools_impl:send:484 -  - "GET / HTTP/1.0" 200
2026-04-10 18:41:07.738 | INFO     | uvicorn.protocols.http.httptools_impl:send:484 -  - "GET /js/bootstrap.min.js HTTP/1.0" 404
2026-04-10 18:48:32.640 | INFO     | uvicorn.protocols.http.httptools_impl:send:484 -  - "PROPFIND / HTTP/1.0" 405
2026-04-10 18:58:41.317 | INFO     | uvicorn.protocols.http.httptools_impl:send:484 -  - "GET / HTTP/1.0" 200
2026-04-10 19:16:54.706 | INFO     | uvicorn.protocols.http.httptools_impl:send:484 -  - "GET / HTTP/1.0" 200
2026-04-10 19:19:59.797 | INFO     | uvicorn.protocols.http.httptools_impl:send:484 -  - "GET / HTTP/1.0" 200
2026-04-10 19:19:59.899 | INFO     | uvicorn.protocols.http.httptools_impl:send:484 -  - "GET /static/js/bootstrap.min.js HTTP/1.0" 200
2026-04-10 19:36:11.485 | INFO     | uvicorn.protocols.http.httptools_impl:send:484 -  - "GET /SDK/webLanguage HTTP/1.0" 404
2026-04-10 19:53:01.539 | INFO     | uvicorn.protocols.http.httptools_impl:send:484 -  - "PROPFIND / HTTP/1.0" 405
2026-04-10 19:58:49.168 | INFO     | uvicorn.protocols.http.httptools_impl:send:484 -  - "GET / HTTP/1.0" 200
2026-04-10 20:00:58.225 | INFO     | uvicorn.protocols.http.httptools_impl:send:484 -  - "GET / HTTP/1.0" 200
2026-04-10 20:00:58.374 | INFO     | uvicorn.protocols.http.httptools_impl:send:484 -  - "GET /favicon.ico HTTP/1.0" 404
2026-04-10 20:02:53.483 | INFO     | uvicorn.protocols.http.httptools_impl:send:484 -  - "GET / HTTP/1.0" 200
2026-04-10 20:02:53.526 | INFO     | uvicorn.protocols.http.httptools_impl:send:484 -  - "GET /.env HTTP/1.0" 404
2026-04-10 20:02:53.576 | INFO     | uvicorn.protocols.http.httptools_impl:send:484 -  - "GET /static/js/bootstrap.min.js HTTP/1.0" 200
2026-04-10 20:02:53.700 | INFO     | uvicorn.protocols.http.httptools_impl:send:484 -  - "GET /%22static/js/bootstrap.min.js%22 HTTP/1.0" 404
2026-04-10 20:02:53.702 | INFO     | uvicorn.protocols.http.httptools_impl:send:484 -  - "GET /.env.bak HTTP/1.0" 404
2026-04-10 20:02:53.745 | INFO     | uvicorn.protocols.http.httptools_impl:send:484 -  - "GET /.env.save HTTP/1.0" 404
2026-04-10 20:02:53.787 | INFO     | uvicorn.protocols.http.httptools_impl:send:484 -  - "GET /.env.backup HTTP/1.0" 404
2026-04-10 20:02:53.830 | INFO     | uvicorn.protocols.http.httptools_impl:send:484 -  - "GET /backend/.env HTTP/1.0" 404
2026-04-10 20:02:53.872 | INFO     | uvicorn.protocols.http.httptools_impl:send:484 -  - "GET /admin/.env HTTP/1.0" 404
2026-04-10 20:02:53.914 | INFO     | uvicorn.protocols.http.httptools_impl:send:484 -  - "GET /.git/config HTTP/1.0" 404
2026-04-10 20:02:53.957 | INFO     | uvicorn.protocols.http.httptools_impl:send:484 -  - "GET /wp-config.php HTTP/1.0" 404
2026-04-10 20:02:54.000 | INFO     | uvicorn.protocols.http.httptools_impl:send:484 -  - "GET /config.js HTTP/1.0" 404
2026-04-10 20:02:54.042 | INFO     | uvicorn.protocols.http.httptools_impl:send:484 -  - "GET /aws-config.js HTTP/1.0" 404
2026-04-10 20:02:54.084 | INFO     | uvicorn.protocols.http.httptools_impl:send:484 -  - "GET /aws.config.js HTTP/1.0" 404
2026-04-10 20:02:54.127 | INFO     | uvicorn.protocols.http.httptools_impl:send:484 -  - "GET /_debugbar/ HTTP/1.0" 404
2026-04-10 20:02:54.169 | INFO     | uvicorn.protocols.http.httptools_impl:send:484 -  - "GET /debugbar/ HTTP/1.0" 404
2026-04-10 20:02:54.212 | INFO     | uvicorn.protocols.http.httptools_impl:send:484 -  - "GET /debug/ HTTP/1.0" 404
2026-04-10 20:02:54.255 | INFO     | uvicorn.protocols.http.httptools_impl:send:484 -  - "GET /phpinfo.php HTTP/1.0" 404
2026-04-10 20:02:54.298 | INFO     | uvicorn.protocols.http.httptools_impl:send:484 -  - "GET /info.php HTTP/1.0" 404
2026-04-10 20:02:54.340 | INFO     | uvicorn.protocols.http.httptools_impl:send:484 -  - "GET /test.php HTTP/1.0" 404
2026-04-10 20:02:54.382 | INFO     | uvicorn.protocols.http.httptools_impl:send:484 -  - "GET /.aws/credentials HTTP/1.0" 404
2026-04-10 20:02:54.425 | INFO     | uvicorn.protocols.http.httptools_impl:send:484 -  - "GET /.aws/config HTTP/1.0" 404
2026-04-10 20:02:54.468 | INFO     | uvicorn.protocols.http.httptools_impl:send:484 -  - "GET /aws-credentials HTTP/1.0" 404
2026-04-10 20:02:54.510 | INFO     | uvicorn.protocols.http.httptools_impl:send:484 -  - "GET /aws.json HTTP/1.0" 404
2026-04-10 20:02:54.554 | INFO     | uvicorn.protocols.http.httptools_impl:send:484 -  - "GET /.s3cfg HTTP/1.0" 404
2026-04-10 20:33:11.824 | INFO     | uvicorn.protocols.http.httptools_impl:send:484 -  - "GET /.git/config HTTP/1.0" 404
2026-04-10 20:55:21.454 | INFO     | uvicorn.protocols.http.httptools_impl:send:484 -  - "GET / HTTP/1.0" 200
2026-04-10 20:55:21.509 | INFO     | uvicorn.protocols.http.httptools_impl:send:484 -  - "GET /.env HTTP/1.0" 404
2026-04-10 20:55:21.564 | INFO     | uvicorn.protocols.http.httptools_impl:send:484 -  - "GET /%22static/js/bootstrap.min.js%22 HTTP/1.0" 404
2026-04-10 20:55:21.621 | INFO     | uvicorn.protocols.http.httptools_impl:send:484 -  - "GET /static/js/bootstrap.min.js HTTP/1.0" 200
2026-04-10 20:55:21.782 | INFO     | uvicorn.protocols.http.httptools_impl:send:484 -  - "GET /.env.bak HTTP/1.0" 404
2026-04-10 20:55:21.839 | INFO     | uvicorn.protocols.http.httptools_impl:send:484 -  - "GET /.env.save HTTP/1.0" 404
2026-04-10 20:55:21.911 | INFO     | uvicorn.protocols.http.httptools_impl:send:484 -  - "GET /.env.local HTTP/1.0" 404
2026-04-10 20:55:21.965 | INFO     | uvicorn.protocols.http.httptools_impl:send:484 -  - "GET /backend/.env HTTP/1.0" 404
2026-04-10 20:55:22.021 | INFO     | uvicorn.protocols.http.httptools_impl:send:484 -  - "GET /admin/.env HTTP/1.0" 404
2026-04-10 20:55:22.075 | INFO     | uvicorn.protocols.http.httptools_impl:send:484 -  - "GET /.git/config HTTP/1.0" 404
2026-04-10 20:55:22.129 | INFO     | uvicorn.protocols.http.httptools_impl:send:484 -  - "GET /wp-config.php HTTP/1.0" 404
2026-04-10 20:55:22.184 | INFO     | uvicorn.protocols.http.httptools_impl:send:484 -  - "GET /wp-config.php.old HTTP/1.0" 404
2026-04-10 20:55:22.237 | INFO     | uvicorn.protocols.http.httptools_impl:send:484 -  - "GET /config.php HTTP/1.0" 404
2026-04-10 20:55:22.291 | INFO     | uvicorn.protocols.http.httptools_impl:send:484 -  - "GET /config.php.bak HTTP/1.0" 404
2026-04-10 20:55:22.348 | INFO     | uvicorn.protocols.http.httptools_impl:send:484 -  - "GET /config.js HTTP/1.0" 404
2026-04-10 20:55:22.404 | INFO     | uvicorn.protocols.http.httptools_impl:send:484 -  - "GET /aws-config.js HTTP/1.0" 404
2026-04-10 20:55:22.470 | INFO     | uvicorn.protocols.http.httptools_impl:send:484 -  - "GET /aws.config.js HTTP/1.0" 404
2026-04-10 20:55:22.530 | INFO     | uvicorn.protocols.http.httptools_impl:send:484 -  - "GET /.git/HEAD HTTP/1.0" 404
2026-04-10 20:55:22.588 | INFO     | uvicorn.protocols.http.httptools_impl:send:484 -  - "GET /.git/config HTTP/1.0" 404
2026-04-10 20:57:39.396 | INFO     | uvicorn.protocols.http.httptools_impl:send:484 -  - "GET /favicon.ico HTTP/1.0" 404
2026-04-10 21:02:30.826 | INFO     | uvicorn.protocols.http.httptools_impl:send:484 -  - "GET /robots.txt HTTP/1.0" 404
2026-04-10 21:02:45.704 | INFO     | uvicorn.protocols.http.httptools_impl:send:484 -  - "GET / HTTP/1.0" 200
2026-04-10 21:14:49.468 | INFO     | uvicorn.protocols.http.httptools_impl:send:484 -  - "PROPFIND / HTTP/1.0" 405
2026-04-10 23:14:12.883 | INFO     | uvicorn.protocols.http.httptools_impl:send:484 -  - "PROPFIND / HTTP/1.0" 405
2026-04-10 23:17:32.566 | INFO     | uvicorn.protocols.http.httptools_impl:send:484 -  - "GET / HTTP/1.0" 200
2026-04-10 23:17:32.609 | INFO     | uvicorn.protocols.http.httptools_impl:send:484 -  - "GET //wp-includes/wlwmanifest.xml HTTP/1.0" 404
2026-04-10 23:17:32.692 | INFO     | uvicorn.protocols.http.httptools_impl:send:484 -  - "GET //xmlrpc.php?rsd HTTP/1.0" 404
2026-04-10 23:17:32.740 | INFO     | uvicorn.protocols.http.httptools_impl:send:484 -  - "GET / HTTP/1.0" 200
2026-04-10 23:17:32.789 | INFO     | uvicorn.protocols.http.httptools_impl:send:484 -  - "GET //blog/wp-includes/wlwmanifest.xml HTTP/1.0" 404
2026-04-10 23:17:32.849 | INFO     | uvicorn.protocols.http.httptools_impl:send:484 -  - "GET //web/wp-includes/wlwmanifest.xml HTTP/1.0" 404
2026-04-10 23:17:32.979 | INFO     | uvicorn.protocols.http.httptools_impl:send:484 -  - "GET //wordpress/wp-includes/wlwmanifest.xml HTTP/1.0" 404
2026-04-10 23:17:33.079 | INFO     | uvicorn.protocols.http.httptools_impl:send:484 -  - "GET //website/wp-includes/wlwmanifest.xml HTTP/1.0" 404
2026-04-10 23:17:33.239 | INFO     | uvicorn.protocols.http.httptools_impl:send:484 -  - "GET //wp/wp-includes/wlwmanifest.xml HTTP/1.0" 404
2026-04-10 23:17:33.351 | INFO     | uvicorn.protocols.http.httptools_impl:send:484 -  - "GET //news/wp-includes/wlwmanifest.xml HTTP/1.0" 404
2026-04-10 23:17:33.417 | INFO     | uvicorn.protocols.http.httptools_impl:send:484 -  - "GET //2018/wp-includes/wlwmanifest.xml HTTP/1.0" 404
2026-04-10 23:17:33.502 | INFO     | uvicorn.protocols.http.httptools_impl:send:484 -  - "GET //2019/wp-includes/wlwmanifest.xml HTTP/1.0" 404
2026-04-10 23:17:33.547 | INFO     | uvicorn.protocols.http.httptools_impl:send:484 -  - "GET //shop/wp-includes/wlwmanifest.xml HTTP/1.0" 404
2026-04-10 23:17:33.600 | INFO     | uvicorn.protocols.http.httptools_impl:send:484 -  - "GET //wp1/wp-includes/wlwmanifest.xml HTTP/1.0" 404
2026-04-10 23:17:33.645 | INFO     | uvicorn.protocols.http.httptools_impl:send:484 -  - "GET //test/wp-includes/wlwmanifest.xml HTTP/1.0" 404
2026-04-10 23:17:33.725 | INFO     | uvicorn.protocols.http.httptools_impl:send:484 -  - "GET //media/wp-includes/wlwmanifest.xml HTTP/1.0" 404
2026-04-10 23:17:33.810 | INFO     | uvicorn.protocols.http.httptools_impl:send:484 -  - "GET //wp2/wp-includes/wlwmanifest.xml HTTP/1.0" 404
2026-04-10 23:17:33.871 | INFO     | uvicorn.protocols.http.httptools_impl:send:484 -  - "GET //site/wp-includes/wlwmanifest.xml HTTP/1.0" 404
2026-04-10 23:17:33.914 | INFO     | uvicorn.protocols.http.httptools_impl:send:484 -  - "GET //cms/wp-includes/wlwmanifest.xml HTTP/1.0" 404
2026-04-10 23:17:33.961 | INFO     | uvicorn.protocols.http.httptools_impl:send:484 -  - "GET //sito/wp-includes/wlwmanifest.xml HTTP/1.0" 404
2026-04-10 23:46:32.241 | INFO     | uvicorn.protocols.http.httptools_impl:send:484 -  - "GET / HTTP/1.0" 200
2026-04-11 00:07:11.685 | INFO     | uvicorn.protocols.http.httptools_impl:send:484 -  - "GET /SDK/webLanguage HTTP/1.0" 404
2026-04-11 00:19:07.352 | INFO     | uvicorn.protocols.http.httptools_impl:send:484 -  - "PROPFIND / HTTP/1.0" 405
2026-04-11 01:05:25.183 | INFO     | uvicorn.protocols.http.httptools_impl:send:484 -  - "GET / HTTP/1.0" 200
2026-04-11 01:05:45.575 | INFO     | uvicorn.protocols.http.httptools_impl:send:484 -  - "GET /js/bootstrap.min.js HTTP/1.0" 404
2026-04-11 01:06:50.654 | INFO     | uvicorn.protocols.http.httptools_impl:send:484 -  - "GET /js/bootstrap.min.js HTTP/1.0" 404
2026-04-11 01:07:49.251 | INFO     | uvicorn.protocols.http.httptools_impl:send:484 -  - "GET /js/bootstrap.min.js HTTP/1.0" 404
2026-04-11 01:09:47.035 | INFO     | uvicorn.protocols.http.httptools_impl:send:484 -  - "GET /js/bootstrap.min.js HTTP/1.0" 404
2026-04-11 01:10:42.185 | INFO     | uvicorn.protocols.http.httptools_impl:send:484 -  - "GET /js/bootstrap.min.js HTTP/1.0" 404
2026-04-11 01:11:35.620 | INFO     | uvicorn.protocols.http.httptools_impl:send:484 -  - "GET /js/bootstrap.min.js HTTP/1.0" 404
2026-04-11 01:12:40.084 | INFO     | uvicorn.protocols.http.httptools_impl:send:484 -  - "GET /js/bootstrap.min.js HTTP/1.0" 404
2026-04-11 01:13:47.857 | INFO     | uvicorn.protocols.http.httptools_impl:send:484 -  - "GET /js/bootstrap.min.js HTTP/1.0" 404
2026-04-11 01:14:22.758 | INFO     | uvicorn.protocols.http.httptools_impl:send:484 -  - "GET / HTTP/1.0" 200
2026-04-11 01:14:23.561 | INFO     | uvicorn.protocols.http.httptools_impl:send:484 -  - "PROPFIND / HTTP/1.0" 405
2026-04-11 01:14:58.285 | INFO     | uvicorn.protocols.http.httptools_impl:send:484 -  - "GET /.env HTTP/1.0" 404
2026-04-11 01:15:00.586 | INFO     | uvicorn.protocols.http.httptools_impl:send:484 -  - "GET /.git/config HTTP/1.0" 404
2026-04-11 01:15:30.663 | INFO     | uvicorn.protocols.http.httptools_impl:send:484 -  - "GET /js/bootstrap.min.js HTTP/1.0" 404
2026-04-11 01:25:38.964 | INFO     | uvicorn.protocols.http.httptools_impl:send:484 -  - "GET /ecp/Current/exporttool/microsoft.exchange.ediscovery.exporttool.application HTTP/1.0" 404
2026-04-11 01:31:49.972 | INFO     | uvicorn.protocols.http.httptools_impl:send:484 -  - "GET /admin/config.php HTTP/1.0" 404
2026-04-11 02:04:29.149 | INFO     | uvicorn.protocols.http.httptools_impl:send:484 -  - "GET /SDK/webLanguage HTTP/1.0" 404
2026-04-11 02:07:20.757 | INFO     | uvicorn.protocols.http.httptools_impl:send:484 -  - "PROPFIND / HTTP/1.0" 405
2026-04-11 02:56:41.498 | INFO     | uvicorn.protocols.http.httptools_impl:send:484 -  - "GET /.git/config HTTP/1.0" 404
2026-04-11 03:19:08.865 | INFO     | uvicorn.protocols.http.httptools_impl:send:484 -  - "PROPFIND / HTTP/1.0" 405
2026-04-11 03:54:26.534 | INFO     | uvicorn.protocols.http.httptools_impl:send:484 -  - "GET /.git/config HTTP/1.0" 404
2026-04-11 04:46:34.097 | INFO     | uvicorn.protocols.http.httptools_impl:send:484 -  - "GET /.env HTTP/1.0" 404
2026-04-11 05:07:02.856 | INFO     | uvicorn.protocols.http.httptools_impl:send:484 -  - "PROPFIND / HTTP/1.0" 405
2026-04-11 05:11:49.997 | INFO     | uvicorn.protocols.http.httptools_impl:send:484 -  - "GET /robots.txt HTTP/1.0" 404
2026-04-11 05:13:58.106 | INFO     | uvicorn.protocols.http.httptools_impl:send:484 -  - "GET / HTTP/1.0" 200
2026-04-11 05:22:02.179 | INFO     | uvicorn.protocols.http.httptools_impl:send:484 -  - "GET / HTTP/1.0" 200
2026-04-11 05:58:29.137 | INFO     | uvicorn.protocols.http.httptools_impl:send:484 -  - "GET /developmentserver/metadatauploader HTTP/1.0" 404
2026-04-11 06:24:26.698 | INFO     | uvicorn.protocols.http.httptools_impl:send:484 -  - "PROPFIND / HTTP/1.0" 405
2026-04-11 06:57:57.284 | INFO     | uvicorn.protocols.http.httptools_impl:send:484 -  - "HEAD /.env HTTP/1.0" 404
2026-04-11 06:57:57.328 | INFO     | uvicorn.protocols.http.httptools_impl:send:484 -  - "HEAD /.env.local HTTP/1.0" 404
2026-04-11 06:57:57.372 | INFO     | uvicorn.protocols.http.httptools_impl:send:484 -  - "HEAD /.env.prod HTTP/1.0" 404
2026-04-11 06:57:57.419 | INFO     | uvicorn.protocols.http.httptools_impl:send:484 -  - "HEAD /.env.dev HTTP/1.0" 404
2026-04-11 06:57:57.686 | INFO     | uvicorn.protocols.http.httptools_impl:send:484 -  - "HEAD /.env HTTP/1.0" 404
2026-04-11 06:57:57.758 | INFO     | uvicorn.protocols.http.httptools_impl:send:484 -  - "HEAD /.env.local HTTP/1.0" 404
2026-04-11 06:57:57.809 | INFO     | uvicorn.protocols.http.httptools_impl:send:484 -  - "HEAD /.env.prod HTTP/1.0" 404
2026-04-11 06:57:57.859 | INFO     | uvicorn.protocols.http.httptools_impl:send:484 -  - "HEAD /.env.dev HTTP/1.0" 404
2026-04-11 07:18:36.915 | INFO     | uvicorn.protocols.http.httptools_impl:send:484 -  - "GET /.git/config HTTP/1.0" 404
2026-04-11 07:19:26.630 | INFO     | uvicorn.protocols.http.httptools_impl:send:484 -  - "GET /.git/config HTTP/1.0" 404
2026-04-11 07:30:19.537 | INFO     | uvicorn.protocols.http.httptools_impl:send:484 -  - "GET /wp-includes/id3/license.txt/feed/ HTTP/1.0" 404
2026-04-11 07:30:19.565 | INFO     | uvicorn.protocols.http.httptools_impl:send:484 -  - "GET /wp-includes/id3/license.txt/xmlrpc.php?rsd HTTP/1.0" 404
2026-04-11 07:30:19.593 | INFO     | uvicorn.protocols.http.httptools_impl:send:484 -  - "GET /wp-includes/id3/license.txt/blog/wp-includes/wlwmanifest.xml HTTP/1.0" 404
2026-04-11 07:30:19.629 | INFO     | uvicorn.protocols.http.httptools_impl:send:484 -  - "GET /wp-includes/id3/license.txt/web/wp-includes/wlwmanifest.xml HTTP/1.0" 404
2026-04-11 07:30:19.657 | INFO     | uvicorn.protocols.http.httptools_impl:send:484 -  - "GET /wp-includes/id3/license.txt/wordpress/wp-includes/wlwmanifest.xml HTTP/1.0" 404
2026-04-11 07:30:19.727 | INFO     | uvicorn.protocols.http.httptools_impl:send:484 -  - "GET /wp-includes/id3/license.txt/wp/wp-includes/wlwmanifest.xml HTTP/1.0" 404
2026-04-11 07:30:19.756 | INFO     | uvicorn.protocols.http.httptools_impl:send:484 -  - "GET /wp-includes/id3/license.txt/2020/wp-includes/wlwmanifest.xml HTTP/1.0" 404
2026-04-11 07:30:19.786 | INFO     | uvicorn.protocols.http.httptools_impl:send:484 -  - "GET /wp-includes/id3/license.txt/2019/wp-includes/wlwmanifest.xml HTTP/1.0" 404
2026-04-11 07:30:19.814 | INFO     | uvicorn.protocols.http.httptools_impl:send:484 -  - "GET /wp-includes/id3/license.txt/2021/wp-includes/wlwmanifest.xml HTTP/1.0" 404
2026-04-11 07:30:19.841 | INFO     | uvicorn.protocols.http.httptools_impl:send:484 -  - "GET /wp-includes/id3/license.txt/shop/wp-includes/wlwmanifest.xml HTTP/1.0" 404
2026-04-11 07:30:19.869 | INFO     | uvicorn.protocols.http.httptools_impl:send:484 -  - "GET /wp-includes/id3/license.txt/wp1/wp-includes/wlwmanifest.xml HTTP/1.0" 404
2026-04-11 07:30:19.897 | INFO     | uvicorn.protocols.http.httptools_impl:send:484 -  - "GET /wp-includes/id3/license.txt/test/wp-includes/wlwmanifest.xml HTTP/1.0" 404
2026-04-11 07:30:19.927 | INFO     | uvicorn.protocols.http.httptools_impl:send:484 -  - "GET /wp-includes/id3/license.txt/site/wp-includes/wlwmanifest.xml HTTP/1.0" 404
2026-04-11 07:30:19.956 | INFO     | uvicorn.protocols.http.httptools_impl:send:484 -  - "GET /wp-includes/id3/license.txt/cms/wp-includes/wlwmanifest.xml HTTP/1.0" 404
2026-04-11 07:39:28.079 | INFO     | uvicorn.protocols.http.httptools_impl:send:484 -  - "PROPFIND / HTTP/1.0" 405
2026-04-11 07:50:12.509 | INFO     | uvicorn.protocols.http.httptools_impl:send:484 -  - "GET / HTTP/1.0" 200
2026-04-11 07:50:12.556 | INFO     | uvicorn.protocols.http.httptools_impl:send:484 -  - "GET /assets/js/auth.js HTTP/1.0" 404
2026-04-11 07:50:12.606 | INFO     | uvicorn.protocols.http.httptools_impl:send:484 -  - "GET /static/style/protect/index.js HTTP/1.0" 404
2026-04-11 07:50:12.655 | INFO     | uvicorn.protocols.http.httptools_impl:send:484 -  - "GET /js/lkk_ch.js HTTP/1.0" 404
2026-04-11 07:50:12.701 | INFO     | uvicorn.protocols.http.httptools_impl:send:484 -  - "GET /css/support_parent.css HTTP/1.0" 404
2026-04-11 07:50:12.748 | INFO     | uvicorn.protocols.http.httptools_impl:send:484 -  - "GET /js/twint_ch.js HTTP/1.0" 404
2026-04-11 07:50:12.792 | INFO     | uvicorn.protocols.http.httptools_impl:send:484 -  - "GET /assets/js/qr_modal.js HTTP/1.0" 404
2026-04-11 07:50:12.840 | INFO     | uvicorn.protocols.http.httptools_impl:send:484 -  - "GET /robots.txt HTTP/1.0" 404
2026-04-11 07:50:12.888 | INFO     | uvicorn.protocols.http.httptools_impl:send:484 -  - "GET /assets/js/message.js HTTP/1.0" 404
2026-04-11 07:50:12.934 | INFO     | uvicorn.protocols.http.httptools_impl:send:484 -  - "GET /bot-connect.js HTTP/1.0" 404
2026-04-11 07:50:12.983 | INFO     | uvicorn.protocols.http.httptools_impl:send:484 -  - "GET /static/style/sys_files/index.js HTTP/1.0" 404
2026-04-11 07:50:13.029 | INFO     | uvicorn.protocols.http.httptools_impl:send:484 -  - "GET /static/js/bootstrap.min.js HTTP/1.0" 200
2026-04-11 07:50:13.173 | INFO     | uvicorn.protocols.http.httptools_impl:send:484 -  - "GET /static/css//bootstrap.min.css HTTP/1.0" 200
2026-04-11 08:08:41.380 | INFO     | uvicorn.protocols.http.httptools_impl:send:484 -  - "GET / HTTP/1.0" 200
2026-04-11 08:24:30.949 | INFO     | uvicorn.protocols.http.httptools_impl:send:484 -  - "GET / HTTP/1.0" 200
2026-04-11 08:24:30.972 | INFO     | uvicorn.protocols.http.httptools_impl:send:484 -  - "GET / HTTP/1.0" 200
2026-04-11 08:24:46.836 | INFO     | uvicorn.protocols.http.httptools_impl:send:484 -  - "GET / HTTP/1.0" 200
2026-04-11 08:24:57.192 | INFO     | uvicorn.protocols.http.httptools_impl:send:484 -  - "GET /static/js/bootstrap.min.js HTTP/1.0" 200
2026-04-11 08:24:57.210 | INFO     | uvicorn.protocols.http.httptools_impl:send:484 -  - "GET /static/css/bootstrap.min.css HTTP/1.0" 200
2026-04-11 09:08:04.158 | INFO     | uvicorn.protocols.http.httptools_impl:send:484 -  - "GET / HTTP/1.0" 200
2026-04-11 09:08:23.770 | INFO     | uvicorn.protocols.http.httptools_impl:send:484 -  - "GET / HTTP/1.0" 200
2026-04-11 09:11:12.643 | INFO     | uvicorn.protocols.http.httptools_impl:send:484 -  - "GET / HTTP/1.0" 200
2026-04-11 09:11:12.771 | INFO     | uvicorn.protocols.http.httptools_impl:send:484 -  - "GET //wp-includes/wlwmanifest.xml HTTP/1.0" 404
2026-04-11 09:11:12.902 | INFO     | uvicorn.protocols.http.httptools_impl:send:484 -  - "GET //xmlrpc.php?rsd HTTP/1.0" 404
2026-04-11 09:11:13.030 | INFO     | uvicorn.protocols.http.httptools_impl:send:484 -  - "GET / HTTP/1.0" 200
2026-04-11 09:11:13.181 | INFO     | uvicorn.protocols.http.httptools_impl:send:484 -  - "GET //blog/wp-includes/wlwmanifest.xml HTTP/1.0" 404
2026-04-11 09:11:13.309 | INFO     | uvicorn.protocols.http.httptools_impl:send:484 -  - "GET //web/wp-includes/wlwmanifest.xml HTTP/1.0" 404
2026-04-11 09:11:13.437 | INFO     | uvicorn.protocols.http.httptools_impl:send:484 -  - "GET //wordpress/wp-includes/wlwmanifest.xml HTTP/1.0" 404
2026-04-11 09:11:13.565 | INFO     | uvicorn.protocols.http.httptools_impl:send:484 -  - "GET //website/wp-includes/wlwmanifest.xml HTTP/1.0" 404
2026-04-11 09:11:13.694 | INFO     | uvicorn.protocols.http.httptools_impl:send:484 -  - "GET //wp/wp-includes/wlwmanifest.xml HTTP/1.0" 404
2026-04-11 09:11:13.823 | INFO     | uvicorn.protocols.http.httptools_impl:send:484 -  - "GET //news/wp-includes/wlwmanifest.xml HTTP/1.0" 404
2026-04-11 09:11:13.951 | INFO     | uvicorn.protocols.http.httptools_impl:send:484 -  - "GET //wp1/wp-includes/wlwmanifest.xml HTTP/1.0" 404
2026-04-11 09:11:14.079 | INFO     | uvicorn.protocols.http.httptools_impl:send:484 -  - "GET //test/wp-includes/wlwmanifest.xml HTTP/1.0" 404
2026-04-11 09:11:14.208 | INFO     | uvicorn.protocols.http.httptools_impl:send:484 -  - "GET //wp2/wp-includes/wlwmanifest.xml HTTP/1.0" 404
2026-04-11 09:11:14.337 | INFO     | uvicorn.protocols.http.httptools_impl:send:484 -  - "GET //site/wp-includes/wlwmanifest.xml HTTP/1.0" 404
2026-04-11 09:11:14.465 | INFO     | uvicorn.protocols.http.httptools_impl:send:484 -  - "GET //cms/wp-includes/wlwmanifest.xml HTTP/1.0" 404
2026-04-11 09:11:14.593 | INFO     | uvicorn.protocols.http.httptools_impl:send:484 -  - "GET //sito/wp-includes/wlwmanifest.xml HTTP/1.0" 404
2026-04-11 09:34:55.971 | INFO     | uvicorn.protocols.http.httptools_impl:send:484 -  - "PROPFIND / HTTP/1.0" 405
2026-04-11 09:43:49.123 | INFO     | uvicorn.protocols.http.httptools_impl:send:484 -  - "GET / HTTP/1.0" 200
2026-04-11 09:43:49.888 | INFO     | uvicorn.protocols.http.httptools_impl:send:484 -  - "GET /favicon.ico HTTP/1.0" 404
2026-04-11 09:44:10.597 | INFO     | uvicorn.protocols.http.httptools_impl:send:484 -  - "GET / HTTP/1.0" 200
2026-04-11 09:51:03.729 | INFO     | uvicorn.protocols.http.httptools_impl:send:484 -  - "GET /favicon.ico HTTP/1.0" 404
2026-04-11 10:10:39.935 | INFO     | uvicorn.protocols.http.httptools_impl:send:484 -  - "GET /SDK/webLanguage HTTP/1.0" 404
2026-04-11 10:17:33.763 | INFO     | uvicorn.protocols.http.httptools_impl:send:484 -  - "GET / HTTP/1.0" 200
2026-04-11 10:25:22.133 | INFO     | uvicorn.protocols.http.httptools_impl:send:484 -  - "PROPFIND / HTTP/1.0" 405
2026-04-11 10:29:25.968 | INFO     | uvicorn.protocols.http.httptools_impl:send:484 -  - "GET / HTTP/1.0" 200
2026-04-11 10:29:26.122 | INFO     | uvicorn.protocols.http.httptools_impl:send:484 -  - "GET /odinhttpcall1775892565 HTTP/1.0" 404
2026-04-11 10:29:26.143 | INFO     | uvicorn.protocols.http.httptools_impl:send:484 -  - "POST /sdk HTTP/1.0" 404
2026-04-11 10:29:26.325 | INFO     | uvicorn.protocols.http.httptools_impl:send:484 -  - "GET /evox/about HTTP/1.0" 404
2026-04-11 10:29:26.373 | INFO     | uvicorn.protocols.http.httptools_impl:send:484 -  - "GET /HNAP1 HTTP/1.0" 404
2026-04-11 10:29:26.527 | INFO     | uvicorn.protocols.http.httptools_impl:send:484 -  - "GET / HTTP/1.0" 200
2026-04-11 10:29:26.687 | INFO     | uvicorn.protocols.http.httptools_impl:send:484 -  - "GET / HTTP/1.0" 200
2026-04-11 10:29:26.891 | INFO     | uvicorn.protocols.http.httptools_impl:send:484 -  - "POST / HTTP/1.0" 405
2026-04-11 10:29:27.009 | INFO     | uvicorn.protocols.http.httptools_impl:send:484 -  - "GET / HTTP/1.0" 200
2026-04-11 10:29:27.332 | INFO     | uvicorn.protocols.http.httptools_impl:send:484 -  - "GET / HTTP/1.0" 200
2026-04-11 10:29:45.331 | INFO     | uvicorn.protocols.http.httptools_impl:send:484 -  - "GET /robots.txt HTTP/1.0" 404
2026-04-11 10:48:50.024 | INFO     | uvicorn.protocols.http.httptools_impl:send:484 -  - "GET /favicon.ico HTTP/1.0" 404
2026-04-11 11:27:37.338 | INFO     | uvicorn.protocols.http.httptools_impl:send:484 -  - "GET /SDK/webLanguage HTTP/1.0" 404
2026-04-11 11:28:52.957 | INFO     | uvicorn.protocols.http.httptools_impl:send:484 -  - "GET /robots.txt HTTP/1.0" 404
2026-04-11 11:54:47.506 | INFO     | uvicorn.protocols.http.httptools_impl:send:484 -  - "GET / HTTP/1.0" 200
2026-04-11 12:08:09.512 | INFO     | uvicorn.protocols.http.httptools_impl:send:484 -  - "PROPFIND / HTTP/1.0" 405
2026-04-11 12:22:17.767 | INFO     | uvicorn.protocols.http.httptools_impl:send:484 -  - "GET / HTTP/1.0" 200
2026-04-11 12:49:55.405 | INFO     | uvicorn.protocols.http.httptools_impl:send:484 -  - "GET / HTTP/1.0" 200
2026-04-11 12:49:56.148 | INFO     | uvicorn.protocols.http.httptools_impl:send:484 -  - "PROPFIND / HTTP/1.0" 405
2026-04-11 13:03:19.207 | INFO     | uvicorn.protocols.http.httptools_impl:send:484 -  - "GET / HTTP/1.0" 200
2026-04-11 13:03:28.056 | INFO     | uvicorn.protocols.http.httptools_impl:send:484 -  - "GET / HTTP/1.0" 200
2026-04-11 13:33:42.818 | INFO     | uvicorn.protocols.http.httptools_impl:send:484 -  - "GET /Dr0v HTTP/1.0" 404
2026-04-11 14:01:24.950 | INFO     | uvicorn.protocols.http.httptools_impl:send:484 -  - "PROPFIND / HTTP/1.0" 405
2026-04-11 14:47:01.154 | INFO     | uvicorn.protocols.http.httptools_impl:send:484 -  - "PROPFIND / HTTP/1.0" 405
2026-04-11 15:36:41.606 | INFO     | uvicorn.protocols.http.httptools_impl:send:484 -  - "GET / HTTP/1.0" 200
2026-04-11 15:39:17.714 | INFO     | uvicorn.protocols.http.httptools_impl:send:484 -  - "GET /favicon.ico HTTP/1.0" 404
2026-04-11 16:24:24.722 | INFO     | uvicorn.protocols.http.httptools_impl:send:484 -  - "PROPFIND / HTTP/1.0" 405
2026-04-11 16:27:59.023 | INFO     | uvicorn.protocols.http.httptools_impl:send:484 -  - "GET / HTTP/1.0" 200
2026-04-11 16:37:30.073 | INFO     | uvicorn.protocols.http.httptools_impl:send:484 -  - "GET / HTTP/1.0" 200
2026-04-11 16:37:34.234 | INFO     | uvicorn.protocols.http.httptools_impl:send:484 -  - "GET /favicon.ico HTTP/1.0" 404
2026-04-11 16:56:13.664 | INFO     | uvicorn.protocols.http.httptools_impl:send:484 -  - "GET / HTTP/1.0" 200
2026-04-11 16:56:13.672 | INFO     | uvicorn.protocols.http.httptools_impl:send:484 -  - "GET / HTTP/1.0" 200
2026-04-11 16:56:14.341 | INFO     | uvicorn.protocols.http.httptools_impl:send:484 -  - "GET / HTTP/1.0" 200
2026-04-11 16:56:14.834 | INFO     | uvicorn.protocols.http.httptools_impl:send:484 -  - "GET /static/js/bootstrap.min.js HTTP/1.0" 200
2026-04-11 17:35:02.710 | INFO     | uvicorn.protocols.http.httptools_impl:send:484 -  - "GET / HTTP/1.0" 200
2026-04-11 17:58:44.141 | INFO     | uvicorn.protocols.http.httptools_impl:send:484 -  - "GET / HTTP/1.0" 200
2026-04-11 17:58:55.015 | INFO     | uvicorn.protocols.http.httptools_impl:send:484 -  - "GET /js/bootstrap.min.js HTTP/1.0" 404
2026-04-11 18:01:02.812 | INFO     | uvicorn.protocols.http.httptools_impl:send:484 -  - "PROPFIND / HTTP/1.0" 405
2026-04-11 19:02:16.975 | INFO     | uvicorn.protocols.http.httptools_impl:send:484 -  - "PROPFIND / HTTP/1.0" 405
2026-04-11 19:12:45.790 | INFO     | uvicorn.protocols.http.httptools_impl:send:484 -  - "GET / HTTP/1.0" 200
2026-04-11 19:33:03.175 | INFO     | uvicorn.protocols.http.httptools_impl:send:484 -  - "GET /.git/config HTTP/1.0" 404
2026-04-11 20:01:53.601 | INFO     | uvicorn.protocols.http.httptools_impl:send:484 -  - "GET /SDK/webLanguage HTTP/1.0" 404
2026-04-11 20:59:14.688 | INFO     | uvicorn.protocols.http.httptools_impl:send:484 -  - "GET / HTTP/1.0" 200
2026-04-11 20:59:43.265 | INFO     | uvicorn.protocols.http.httptools_impl:send:484 -  - "GET /robots.txt HTTP/1.0" 404
2026-04-11 21:01:01.879 | INFO     | uvicorn.protocols.http.httptools_impl:send:484 -  - "GET /favicon.ico HTTP/1.0" 404
2026-04-11 21:12:56.816 | INFO     | uvicorn.protocols.http.httptools_impl:send:484 -  - "GET /SDK/webLanguage HTTP/1.0" 404
2026-04-11 21:13:25.292 | INFO     | uvicorn.protocols.http.httptools_impl:send:484 -  - "PROPFIND / HTTP/1.0" 405
2026-04-11 22:16:41.989 | INFO     | uvicorn.protocols.http.httptools_impl:send:484 -  - "PROPFIND / HTTP/1.0" 405
2026-04-11 23:06:14.261 | INFO     | uvicorn.protocols.http.httptools_impl:send:484 -  - "GET / HTTP/1.0" 200
2026-04-11 23:14:11.636 | INFO     | uvicorn.protocols.http.httptools_impl:send:484 -  - "GET /SDK/webLanguage HTTP/1.0" 404
2026-04-11 23:25:40.558 | INFO     | uvicorn.protocols.http.httptools_impl:send:484 -  - "PROPFIND / HTTP/1.0" 405
2026-04-12 00:25:16.698 | INFO     | uvicorn.protocols.http.httptools_impl:send:484 -  - "GET /autodiscover/autodiscover.json?@zdi/Powershell HTTP/1.0" 404
2026-04-12 00:58:31.085 | INFO     | uvicorn.protocols.http.httptools_impl:send:484 -  - "GET / HTTP/1.0" 200
2026-04-12 01:27:17.602 | INFO     | uvicorn.protocols.http.httptools_impl:send:484 -  - "PROPFIND / HTTP/1.0" 405
2026-04-12 02:30:41.847 | INFO     | uvicorn.protocols.http.httptools_impl:send:484 -  - "PROPFIND / HTTP/1.0" 405
2026-04-12 02:51:14.066 | INFO     | uvicorn.protocols.http.httptools_impl:send:484 -  - "GET / HTTP/1.0" 200
2026-04-12 03:37:08.379 | INFO     | uvicorn.protocols.http.httptools_impl:send:484 -  - "GET /SDK/webLanguage HTTP/1.0" 404
2026-04-12 03:55:02.421 | INFO     | uvicorn.protocols.http.httptools_impl:send:484 -  - "PROPFIND / HTTP/1.0" 405
2026-04-12 04:45:56.558 | INFO     | uvicorn.protocols.http.httptools_impl:send:484 -  - "GET /.env HTTP/1.0" 404
2026-04-12 05:07:12.614 | INFO     | uvicorn.protocols.http.httptools_impl:send:484 -  - "GET / HTTP/1.0" 200
2026-04-12 05:07:31.604 | INFO     | uvicorn.protocols.http.httptools_impl:send:484 -  - "GET / HTTP/1.0" 200
2026-04-12 05:20:51.772 | INFO     | uvicorn.protocols.http.httptools_impl:send:484 -  - "GET / HTTP/1.0" 200
2026-04-12 05:21:34.184 | INFO     | uvicorn.protocols.http.httptools_impl:send:484 -  - "PROPFIND / HTTP/1.0" 405
2026-04-12 05:23:13.722 | INFO     | uvicorn.protocols.http.httptools_impl:send:484 -  - "GET /favicon.ico HTTP/1.0" 404
2026-04-12 05:41:44.913 | INFO     | uvicorn.protocols.http.httptools_impl:send:484 -  - "GET / HTTP/1.0" 200
2026-04-12 05:42:35.916 | INFO     | uvicorn.protocols.http.httptools_impl:send:484 -  - "GET /owa/auth/logon.aspx HTTP/1.0" 404
2026-04-12 06:13:56.287 | INFO     | uvicorn.protocols.http.httptools_impl:send:484 -  - "GET / HTTP/1.0" 200
2026-04-12 06:14:01.919 | INFO     | uvicorn.protocols.http.httptools_impl:send:484 -  - "GET /favicon.ico HTTP/1.0" 404
2026-04-12 06:47:28.481 | INFO     | uvicorn.protocols.http.httptools_impl:send:484 -  - "PROPFIND / HTTP/1.0" 405
2026-04-12 06:50:05.022 | INFO     | uvicorn.protocols.http.httptools_impl:send:484 -  - "GET / HTTP/1.0" 200
2026-04-12 06:50:08.334 | INFO     | uvicorn.protocols.http.httptools_impl:send:484 -  - "GET / HTTP/1.0" 200
2026-04-12 06:50:08.594 | INFO     | uvicorn.protocols.http.httptools_impl:send:484 -  - "GET / HTTP/1.0" 200
2026-04-12 06:50:09.031 | INFO     | uvicorn.protocols.http.httptools_impl:send:484 -  - "GET /static/js/bootstrap.min.js HTTP/1.0" 200
2026-04-12 06:50:09.324 | INFO     | uvicorn.protocols.http.httptools_impl:send:484 -  - "GET /favicon.ico HTTP/1.0" 404
2026-04-12 06:50:10.224 | INFO     | uvicorn.protocols.http.httptools_impl:send:484 -  - "GET /static/js/bootstrap.min.js.map HTTP/1.0" 200
2026-04-12 06:50:16.164 | INFO     | uvicorn.protocols.http.httptools_impl:send:484 -  - "GET /static/util/index.js HTTP/1.0" 404
2026-04-12 06:50:16.506 | INFO     | uvicorn.protocols.http.httptools_impl:send:484 -  - "GET /static/dom/manipulator.js HTTP/1.0" 404
2026-04-12 06:50:19.769 | INFO     | uvicorn.protocols.http.httptools_impl:send:484 -  - "GET /static/js/index.js HTTP/1.0" 404
2026-04-12 06:50:20.056 | INFO     | uvicorn.protocols.http.httptools_impl:send:484 -  - "GET /static/js/dom/data.js HTTP/1.0" 404
2026-04-12 06:50:20.343 | INFO     | uvicorn.protocols.http.httptools_impl:send:484 -  - "GET /static/js/dom/event-handler.js HTTP/1.0" 404
2026-04-12 06:50:21.462 | INFO     | uvicorn.protocols.http.httptools_impl:send:484 -  - "GET /static/js/util/config.js HTTP/1.0" 404
2026-04-12 06:50:23.240 | INFO     | uvicorn.protocols.http.httptools_impl:send:484 -  - "GET /static/js/util/index.js HTTP/1.0" 404
2026-04-12 06:50:23.390 | INFO     | uvicorn.protocols.http.httptools_impl:send:484 -  - "GET /static/dom/event-handler.js HTTP/1.0" 404
2026-04-12 06:50:23.545 | INFO     | uvicorn.protocols.http.httptools_impl:send:484 -  - "GET /static/dom/selector-engine.js HTTP/1.0" 404
2026-04-12 06:50:24.565 | INFO     | uvicorn.protocols.http.httptools_impl:send:484 -  - "GET /static/js/base-component.js HTTP/1.0" 404
2026-04-12 06:50:26.635 | INFO     | uvicorn.protocols.http.httptools_impl:send:484 -  - "GET /static/js/util/component-functions.js HTTP/1.0" 404
2026-04-12 06:50:30.556 | INFO     | uvicorn.protocols.http.httptools_impl:send:484 -  - "GET /static/js/config.js HTTP/1.0" 404
2026-04-12 06:50:31.248 | INFO     | uvicorn.protocols.http.httptools_impl:send:484 -  - "GET /static/js/dom/manipulator.js HTTP/1.0" 404
2026-04-12 06:50:31.474 | INFO     | uvicorn.protocols.http.httptools_impl:send:484 -  - "GET /static/js/dom/selector-engine.js HTTP/1.0" 404
2026-04-12 06:50:33.015 | INFO     | uvicorn.protocols.http.httptools_impl:send:484 -  - "GET /static/js/util/swipe.js HTTP/1.0" 404
2026-04-12 06:50:33.384 | INFO     | uvicorn.protocols.http.httptools_impl:send:484 -  - "GET /static/js/util/backdrop.js HTTP/1.0" 404
2026-04-12 06:50:33.855 | INFO     | uvicorn.protocols.http.httptools_impl:send:484 -  - "GET /static/js/util/focustrap.js HTTP/1.0" 404
2026-04-12 06:50:34.097 | INFO     | uvicorn.protocols.http.httptools_impl:send:484 -  - "GET /static/js/util/scrollbar.js HTTP/1.0" 404
2026-04-12 06:50:35.130 | INFO     | uvicorn.protocols.http.httptools_impl:send:484 -  - "GET /static/js/sanitizer.js HTTP/1.0" 404
2026-04-12 06:50:36.759 | INFO     | uvicorn.protocols.http.httptools_impl:send:484 -  - "GET /static/js/util/sanitizer.js HTTP/1.0" 404
2026-04-12 06:50:38.243 | INFO     | uvicorn.protocols.http.httptools_impl:send:484 -  - "GET /static/js/util/template-factory.js HTTP/1.0" 404
2026-04-12 06:50:38.787 | INFO     | uvicorn.protocols.http.httptools_impl:send:484 -  - "GET /static/js/tooltip.js HTTP/1.0" 404
2026-04-12 06:50:42.447 | INFO     | uvicorn.protocols.http.httptools_impl:send:484 -  - "GET /static/js/src/alert.js HTTP/1.0" 404
2026-04-12 06:50:44.419 | INFO     | uvicorn.protocols.http.httptools_impl:send:484 -  - "GET /static/js/src/button.js HTTP/1.0" 404
2026-04-12 06:50:44.994 | INFO     | uvicorn.protocols.http.httptools_impl:send:484 -  - "GET /static/js/src/carousel.js HTTP/1.0" 404
2026-04-12 06:50:45.172 | INFO     | uvicorn.protocols.http.httptools_impl:send:484 -  - "GET /static/js/src/collapse.js HTTP/1.0" 404
2026-04-12 06:50:45.392 | INFO     | uvicorn.protocols.http.httptools_impl:send:484 -  - "GET /static/js/src/dropdown.js HTTP/1.0" 404
2026-04-12 06:50:45.781 | INFO     | uvicorn.protocols.http.httptools_impl:send:484 -  - "GET /static/js/src/modal.js HTTP/1.0" 404
2026-04-12 06:50:46.193 | INFO     | uvicorn.protocols.http.httptools_impl:send:484 -  - "GET /static/js/src/offcanvas.js HTTP/1.0" 404
2026-04-12 06:50:47.969 | INFO     | uvicorn.protocols.http.httptools_impl:send:484 -  - "GET /static/js/src/popover.js HTTP/1.0" 404
2026-04-12 06:50:48.083 | INFO     | uvicorn.protocols.http.httptools_impl:send:484 -  - "GET /static/js/src/scrollspy.js HTTP/1.0" 404
2026-04-12 06:50:48.223 | INFO     | uvicorn.protocols.http.httptools_impl:send:484 -  - "GET /static/js/src/tab.js HTTP/1.0" 404
2026-04-12 06:50:48.387 | INFO     | uvicorn.protocols.http.httptools_impl:send:484 -  - "GET /static/js/src/toast.js HTTP/1.0" 404
2026-04-12 06:50:49.210 | INFO     | uvicorn.protocols.http.httptools_impl:send:484 -  - "GET /static/js/src/tooltip.js HTTP/1.0" 404
2026-04-12 06:50:50.625 | INFO     | uvicorn.protocols.http.httptools_impl:send:484 -  - "GET / HTTP/1.0" 200
2026-04-12 06:50:51.034 | INFO     | uvicorn.protocols.http.httptools_impl:send:484 -  - "GET /admin HTTP/1.0" 404
2026-04-12 06:50:51.282 | INFO     | uvicorn.protocols.http.httptools_impl:send:484 -  - "GET /login HTTP/1.0" 404
2026-04-12 06:50:53.434 | INFO     | uvicorn.protocols.http.httptools_impl:send:484 -  - "GET /.git/config HTTP/1.0" 404
2026-04-12 06:50:54.224 | INFO     | uvicorn.protocols.http.httptools_impl:send:484 -  - "GET /.git-credentials HTTP/1.0" 404
2026-04-12 06:50:54.434 | INFO     | uvicorn.protocols.http.httptools_impl:send:484 -  - "GET /.svn/wc.db HTTP/1.0" 404
2026-04-12 06:50:54.865 | INFO     | uvicorn.protocols.http.httptools_impl:send:484 -  - "GET /.svn/entries HTTP/1.0" 404
2026-04-12 06:50:55.208 | INFO     | uvicorn.protocols.http.httptools_impl:send:484 -  - "GET /.chalice/config.json HTTP/1.0" 404
2026-04-12 06:50:55.979 | INFO     | uvicorn.protocols.http.httptools_impl:send:484 -  - "GET /service-account.json HTTP/1.0" 404
2026-04-12 06:50:55.979 | INFO     | uvicorn.protocols.http.httptools_impl:send:484 -  - "GET /admin HTTP/1.0" 404
2026-04-12 06:50:55.981 | INFO     | uvicorn.protocols.http.httptools_impl:send:484 -  - "GET /aws-exports.js HTTP/1.0" 404
2026-04-12 06:50:55.981 | INFO     | uvicorn.protocols.http.httptools_impl:send:484 -  - "GET /.idea/dataSources.xml HTTP/1.0" 404
2026-04-12 06:50:55.982 | INFO     | uvicorn.protocols.http.httptools_impl:send:484 -  - "GET /terraform.tfvars HTTP/1.0" 404
2026-04-12 06:50:55.988 | INFO     | uvicorn.protocols.http.httptools_impl:send:484 -  - "GET /aws.json HTTP/1.0" 404
2026-04-12 06:50:56.001 | INFO     | uvicorn.protocols.http.httptools_impl:send:484 -  - "GET /.kube/config HTTP/1.0" 404
2026-04-12 06:50:56.008 | INFO     | uvicorn.protocols.http.httptools_impl:send:484 -  - "GET /.netrc HTTP/1.0" 404
2026-04-12 06:50:56.040 | INFO     | uvicorn.protocols.http.httptools_impl:send:484 -  - "GET /credentials HTTP/1.0" 404
2026-04-12 06:50:56.039 | INFO     | uvicorn.protocols.http.httptools_impl:send:484 -  - "GET /.idea/dataSources.local.xml HTTP/1.0" 404
2026-04-12 06:50:56.041 | INFO     | uvicorn.protocols.http.httptools_impl:send:484 -  - "GET /amplify/backend/amplify-meta.json HTTP/1.0" 404
2026-04-12 06:50:56.129 | INFO     | uvicorn.protocols.http.httptools_impl:send:484 -  - "GET /terraform.tfstate.backup HTTP/1.0" 404
2026-04-12 06:50:56.133 | INFO     | uvicorn.protocols.http.httptools_impl:send:484 -  - "GET /terraform.tfstate HTTP/1.0" 404
2026-04-12 06:50:56.162 | INFO     | uvicorn.protocols.http.httptools_impl:send:484 -  - "GET /.aws/credentials HTTP/1.0" 404
2026-04-12 06:50:56.162 | INFO     | uvicorn.protocols.http.httptools_impl:send:484 -  - "GET /.aws/config HTTP/1.0" 404
2026-04-12 06:50:56.164 | INFO     | uvicorn.protocols.http.httptools_impl:send:484 -  - "GET / HTTP/1.0" 200
2026-04-12 06:50:56.212 | INFO     | uvicorn.protocols.http.httptools_impl:send:484 -  - "GET /.npmrc HTTP/1.0" 404
2026-04-12 06:50:56.213 | INFO     | uvicorn.protocols.http.httptools_impl:send:484 -  - "GET /aws.yml HTTP/1.0" 404
2026-04-12 06:50:56.214 | INFO     | uvicorn.protocols.http.httptools_impl:send:484 -  - "GET /.vscode/sftp.json HTTP/1.0" 404
2026-04-12 06:50:57.431 | INFO     | uvicorn.protocols.http.httptools_impl:send:484 -  - "GET /samconfig.toml HTTP/1.0" 404
2026-04-12 06:50:57.430 | INFO     | uvicorn.protocols.http.httptools_impl:send:484 -  - "GET /cdk.json HTTP/1.0" 404
2026-04-12 06:50:57.431 | INFO     | uvicorn.protocols.http.httptools_impl:send:484 -  - "GET /pulumi.yaml HTTP/1.0" 404
2026-04-12 06:50:57.432 | INFO     | uvicorn.protocols.http.httptools_impl:send:484 -  - "GET /actuator/env HTTP/1.0" 404
2026-04-12 06:50:57.433 | INFO     | uvicorn.protocols.http.httptools_impl:send:484 -  - "GET /actuator HTTP/1.0" 404
2026-04-12 06:50:57.441 | INFO     | uvicorn.protocols.http.httptools_impl:send:484 -  - "GET /actuator/beans HTTP/1.0" 404
2026-04-12 06:50:57.520 | INFO     | uvicorn.protocols.http.httptools_impl:send:484 -  - "GET /actuator/mappings HTTP/1.0" 404
2026-04-12 06:50:57.519 | INFO     | uvicorn.protocols.http.httptools_impl:send:484 -  - "GET /actuator/health HTTP/1.0" 404
2026-04-12 06:50:57.832 | INFO     | uvicorn.protocols.http.httptools_impl:send:484 -  - "GET /_ignition/health-check HTTP/1.0" 404
2026-04-12 06:50:57.833 | INFO     | uvicorn.protocols.http.httptools_impl:send:484 -  - "GET /actuator/threaddump HTTP/1.0" 404
2026-04-12 06:50:57.834 | INFO     | uvicorn.protocols.http.httptools_impl:send:484 -  - "GET /storage/logs/laravel.log HTTP/1.0" 404
2026-04-12 06:50:57.838 | INFO     | uvicorn.protocols.http.httptools_impl:send:484 -  - "GET /__/firebase/init.json HTTP/1.0" 404
2026-04-12 06:50:57.842 | INFO     | uvicorn.protocols.http.httptools_impl:send:484 -  - "GET /docker-compose.yml HTTP/1.0" 404
2026-04-12 06:50:57.843 | INFO     | uvicorn.protocols.http.httptools_impl:send:484 -  - "GET /docker-compose.yaml HTTP/1.0" 404
2026-04-12 06:50:57.853 | INFO     | uvicorn.protocols.http.httptools_impl:send:484 -  - "GET /serverless.yml HTTP/1.0" 404
2026-04-12 06:50:57.991 | INFO     | uvicorn.protocols.http.httptools_impl:send:484 -  - "GET /.gitlab-ci.yml HTTP/1.0" 404
2026-04-12 06:50:57.992 | INFO     | uvicorn.protocols.http.httptools_impl:send:484 -  - "GET /.docker/config.json HTTP/1.0" 404
2026-04-12 06:50:57.994 | INFO     | uvicorn.protocols.http.httptools_impl:send:484 -  - "GET /.github/workflows/main.yml HTTP/1.0" 404
2026-04-12 06:50:58.004 | INFO     | uvicorn.protocols.http.httptools_impl:send:484 -  - "GET /.travis.yml HTTP/1.0" 404
2026-04-12 06:50:58.007 | INFO     | uvicorn.protocols.http.httptools_impl:send:484 -  - "GET /Jenkinsfile HTTP/1.0" 404
2026-04-12 06:50:58.017 | INFO     | uvicorn.protocols.http.httptools_impl:send:484 -  - "GET /.jenkins/credentials.xml HTTP/1.0" 404
2026-04-12 06:50:58.328 | INFO     | uvicorn.protocols.http.httptools_impl:send:484 -  - "GET /jenkins/credentials.xml HTTP/1.0" 404
2026-04-12 06:50:58.395 | INFO     | uvicorn.protocols.http.httptools_impl:send:484 -  - "GET /.circleci/config.yml HTTP/1.0" 404
2026-04-12 06:50:58.524 | INFO     | uvicorn.protocols.http.httptools_impl:send:484 -  - "GET /rest/workflows HTTP/1.0" 404
2026-04-12 06:50:58.541 | INFO     | uvicorn.protocols.http.httptools_impl:send:484 -  - "GET /config/initializers/aws.rb HTTP/1.0" 404
2026-04-12 06:50:58.567 | INFO     | uvicorn.protocols.http.httptools_impl:send:484 -  - "GET /config/database.yml HTTP/1.0" 404
2026-04-12 06:50:58.571 | INFO     | uvicorn.protocols.http.httptools_impl:send:484 -  - "GET /config/secrets.yml HTTP/1.0" 404
2026-04-12 06:50:58.572 | INFO     | uvicorn.protocols.http.httptools_impl:send:484 -  - "GET /actuator/info HTTP/1.0" 404
2026-04-12 06:50:58.582 | INFO     | uvicorn.protocols.http.httptools_impl:send:484 -  - "GET /config/credentials.yml.enc HTTP/1.0" 404
2026-04-12 06:50:58.583 | INFO     | uvicorn.protocols.http.httptools_impl:send:484 -  - "GET /actuator/metrics HTTP/1.0" 404
2026-04-12 06:50:58.590 | INFO     | uvicorn.protocols.http.httptools_impl:send:484 -  - "GET /actuator/heapdump HTTP/1.0" 404
2026-04-12 06:50:58.595 | INFO     | uvicorn.protocols.http.httptools_impl:send:484 -  - "GET /config/aws.yml HTTP/1.0" 404
2026-04-12 06:50:58.601 | INFO     | uvicorn.protocols.http.httptools_impl:send:484 -  - "GET /actuator/configprops HTTP/1.0" 404
2026-04-12 06:50:58.604 | INFO     | uvicorn.protocols.http.httptools_impl:send:484 -  - "GET /src/aws-config.js HTTP/1.0" 404
2026-04-12 06:50:58.605 | INFO     | uvicorn.protocols.http.httptools_impl:send:484 -  - "GET /src/config/aws.js HTTP/1.0" 404
2026-04-12 06:50:58.605 | INFO     | uvicorn.protocols.http.httptools_impl:send:484 -  - "GET /.env HTTP/1.0" 404
2026-04-12 06:50:58.623 | INFO     | uvicorn.protocols.http.httptools_impl:send:484 -  - "GET /.env.local HTTP/1.0" 404
2026-04-12 06:50:58.631 | INFO     | uvicorn.protocols.http.httptools_impl:send:484 -  - "GET /app/config/aws.json HTTP/1.0" 404
2026-04-12 06:50:58.633 | INFO     | uvicorn.protocols.http.httptools_impl:send:484 -  - "GET /.env.development HTTP/1.0" 404
2026-04-12 06:50:58.641 | INFO     | uvicorn.protocols.http.httptools_impl:send:484 -  - "GET /.env.production HTTP/1.0" 404
2026-04-12 06:50:58.675 | INFO     | uvicorn.protocols.http.httptools_impl:send:484 -  - "GET /.env.backup HTTP/1.0" 404
2026-04-12 06:50:58.729 | INFO     | uvicorn.protocols.http.httptools_impl:send:484 -  - "GET /backend/.env HTTP/1.0" 404
2026-04-12 06:50:58.773 | INFO     | uvicorn.protocols.http.httptools_impl:send:484 -  - "GET /settings.py HTTP/1.0" 404
2026-04-12 06:50:58.772 | INFO     | uvicorn.protocols.http.httptools_impl:send:484 -  - "GET /settings.json HTTP/1.0" 404
2026-04-12 06:50:58.775 | INFO     | uvicorn.protocols.http.httptools_impl:send:484 -  - "GET /appsettings.json HTTP/1.0" 404
2026-04-12 06:50:58.861 | INFO     | uvicorn.protocols.http.httptools_impl:send:484 -  - "GET /config.php HTTP/1.0" 404
2026-04-12 06:50:58.876 | INFO     | uvicorn.protocols.http.httptools_impl:send:484 -  - "GET /config.php.bak HTTP/1.0" 404
2026-04-12 06:50:58.885 | INFO     | uvicorn.protocols.http.httptools_impl:send:484 -  - "GET /env.js HTTP/1.0" 404
2026-04-12 06:50:58.900 | INFO     | uvicorn.protocols.http.httptools_impl:send:484 -  - "GET /configuration.php HTTP/1.0" 404
2026-04-12 06:50:58.911 | INFO     | uvicorn.protocols.http.httptools_impl:send:484 -  - "GET /wp-config.php.bak HTTP/1.0" 404
2026-04-12 06:50:58.927 | INFO     | uvicorn.protocols.http.httptools_impl:send:484 -  - "GET /config.js HTTP/1.0" 404
2026-04-12 06:50:58.928 | INFO     | uvicorn.protocols.http.httptools_impl:send:484 -  - "GET /appsettings.Development.json HTTP/1.0" 404
2026-04-12 06:50:59.050 | INFO     | uvicorn.protocols.http.httptools_impl:send:484 -  - "GET /config.inc.php HTTP/1.0" 404
2026-04-12 06:50:59.051 | INFO     | uvicorn.protocols.http.httptools_impl:send:484 -  - "GET /config/env.js HTTP/1.0" 404
2026-04-12 06:50:59.072 | INFO     | uvicorn.protocols.http.httptools_impl:send:484 -  - "GET /script.js HTTP/1.0" 404
2026-04-12 06:50:59.072 | INFO     | uvicorn.protocols.http.httptools_impl:send:484 -  - "GET /scripts.js HTTP/1.0" 404
2026-04-12 06:50:59.075 | INFO     | uvicorn.protocols.http.httptools_impl:send:484 -  - "GET /bundle.js HTTP/1.0" 404
2026-04-12 06:50:59.076 | INFO     | uvicorn.protocols.http.httptools_impl:send:484 -  - "GET /main.js HTTP/1.0" 404
2026-04-12 06:50:59.084 | INFO     | uvicorn.protocols.http.httptools_impl:send:484 -  - "GET /config/runtime-env.js HTTP/1.0" 404
2026-04-12 06:50:59.103 | INFO     | uvicorn.protocols.http.httptools_impl:send:484 -  - "GET /app.js HTTP/1.0" 404
2026-04-12 06:50:59.137 | INFO     | uvicorn.protocols.http.httptools_impl:send:484 -  - "GET /wp-config.php.old HTTP/1.0" 404
2026-04-12 06:50:59.137 | INFO     | uvicorn.protocols.http.httptools_impl:send:484 -  - "GET /wp-config.php HTTP/1.0" 404
2026-04-12 06:50:59.195 | INFO     | uvicorn.protocols.http.httptools_impl:send:484 -  - "GET /constants.js HTTP/1.0" 404
2026-04-12 06:50:59.208 | INFO     | uvicorn.protocols.http.httptools_impl:send:484 -  - "GET /settings.js HTTP/1.0" 404
2026-04-12 06:50:59.213 | INFO     | uvicorn.protocols.http.httptools_impl:send:484 -  - "GET /chunk.js HTTP/1.0" 404
2026-04-12 06:50:59.218 | INFO     | uvicorn.protocols.http.httptools_impl:send:484 -  - "GET /api.js HTTP/1.0" 404
2026-04-12 06:50:59.222 | INFO     | uvicorn.protocols.http.httptools_impl:send:484 -  - "GET /static/js/main.js HTTP/1.0" 404
2026-04-12 06:50:59.229 | INFO     | uvicorn.protocols.http.httptools_impl:send:484 -  - "GET /index.js HTTP/1.0" 404
2026-04-12 06:50:59.256 | INFO     | uvicorn.protocols.http.httptools_impl:send:484 -  - "GET /static/js/main.chunk.js HTTP/1.0" 404
2026-04-12 06:50:59.387 | INFO     | uvicorn.protocols.http.httptools_impl:send:484 -  - "GET /static/js/vendor.chunk.js HTTP/1.0" 404
2026-04-12 06:50:59.408 | INFO     | uvicorn.protocols.http.httptools_impl:send:484 -  - "GET /static/js/runtime.js HTTP/1.0" 404
2026-04-12 06:50:59.419 | INFO     | uvicorn.protocols.http.httptools_impl:send:484 -  - "GET /static/js/app.js HTTP/1.0" 404
2026-04-12 06:50:59.463 | INFO     | uvicorn.protocols.http.httptools_impl:send:484 -  - "GET /static/js/bundle.js HTTP/1.0" 404
2026-04-12 06:50:59.464 | INFO     | uvicorn.protocols.http.httptools_impl:send:484 -  - "GET /static/js/config.js HTTP/1.0" 404
2026-04-12 06:50:59.485 | INFO     | uvicorn.protocols.http.httptools_impl:send:484 -  - "GET /commons.js HTTP/1.0" 404
2026-04-12 06:50:59.495 | INFO     | uvicorn.protocols.http.httptools_impl:send:484 -  - "GET /dist/main.js HTTP/1.0" 404
2026-04-12 06:50:59.531 | INFO     | uvicorn.protocols.http.httptools_impl:send:484 -  - "GET /dist/app.js HTTP/1.0" 404
2026-04-12 06:50:59.532 | INFO     | uvicorn.protocols.http.httptools_impl:send:484 -  - "GET /dist/index.js HTTP/1.0" 404
2026-04-12 06:50:59.758 | INFO     | uvicorn.protocols.http.httptools_impl:send:484 -  - "GET /dist/js/bundle.js HTTP/1.0" 404
2026-04-12 06:50:59.761 | INFO     | uvicorn.protocols.http.httptools_impl:send:484 -  - "GET /dist/bundle.js HTTP/1.0" 404
2026-04-12 06:50:59.788 | INFO     | uvicorn.protocols.http.httptools_impl:send:484 -  - "GET /dist/js/app.js HTTP/1.0" 404
2026-04-12 06:50:59.794 | INFO     | uvicorn.protocols.http.httptools_impl:send:484 -  - "GET /js/app.js HTTP/1.0" 404
2026-04-12 06:50:59.938 | INFO     | uvicorn.protocols.http.httptools_impl:send:484 -  - "GET /dist/vendor.js HTTP/1.0" 404
2026-04-12 06:50:59.978 | INFO     | uvicorn.protocols.http.httptools_impl:send:484 -  - "GET /static/js/2.chunk.js HTTP/1.0" 404
2026-04-12 06:51:00.888 | INFO     | uvicorn.protocols.http.httptools_impl:send:484 -  - "GET /js/index.js HTTP/1.0" 404
2026-04-12 06:51:00.905 | INFO     | uvicorn.protocols.http.httptools_impl:send:484 -  - "GET /public/js/app.js HTTP/1.0" 404
2026-04-12 06:51:00.944 | INFO     | uvicorn.protocols.http.httptools_impl:send:484 -  - "GET /public/js/main.js HTTP/1.0" 404
2026-04-12 06:51:00.979 | INFO     | uvicorn.protocols.http.httptools_impl:send:484 -  - "GET /dist/js/main.js HTTP/1.0" 404
2026-04-12 06:51:00.980 | INFO     | uvicorn.protocols.http.httptools_impl:send:484 -  - "GET /public/js/bundle.js HTTP/1.0" 404
2026-04-12 06:51:00.994 | INFO     | uvicorn.protocols.http.httptools_impl:send:484 -  - "GET /public/js/config.js HTTP/1.0" 404
2026-04-12 06:51:01.070 | INFO     | uvicorn.protocols.http.httptools_impl:send:484 -  - "GET /public/static/js/main.js HTTP/1.0" 404
2026-04-12 06:51:01.073 | INFO     | uvicorn.protocols.http.httptools_impl:send:484 -  - "GET /public/build/bundle.js HTTP/1.0" 404
2026-04-12 06:51:01.142 | INFO     | uvicorn.protocols.http.httptools_impl:send:484 -  - "GET /scripts/main.js HTTP/1.0" 404
2026-04-12 06:51:01.152 | INFO     | uvicorn.protocols.http.httptools_impl:send:484 -  - "GET /js/main.js HTTP/1.0" 404
2026-04-12 06:51:01.164 | INFO     | uvicorn.protocols.http.httptools_impl:send:484 -  - "GET /scripts/app.js HTTP/1.0" 404
2026-04-12 06:51:01.181 | INFO     | uvicorn.protocols.http.httptools_impl:send:484 -  - "GET /scripts/bundle.js HTTP/1.0" 404
2026-04-12 06:51:01.342 | INFO     | uvicorn.protocols.http.httptools_impl:send:484 -  - "GET /scripts/config.js HTTP/1.0" 404
2026-04-12 06:51:01.344 | INFO     | uvicorn.protocols.http.httptools_impl:send:484 -  - "GET /_next/static/chunks/main.js HTTP/1.0" 404
2026-04-12 06:51:01.387 | INFO     | uvicorn.protocols.http.httptools_impl:send:484 -  - "GET /_next/static/chunks/app.js HTTP/1.0" 404
2026-04-12 06:51:02.278 | INFO     | uvicorn.protocols.http.httptools_impl:send:484 -  - "GET /js/bundle.js HTTP/1.0" 404
2026-04-12 06:51:02.336 | INFO     | uvicorn.protocols.http.httptools_impl:send:484 -  - "GET /js/scripts.js HTTP/1.0" 404
2026-04-12 06:51:02.379 | INFO     | uvicorn.protocols.http.httptools_impl:send:484 -  - "GET /wp-content/plugins/plugin/js/admin.js HTTP/1.0" 404
2026-04-12 06:51:02.415 | INFO     | uvicorn.protocols.http.httptools_impl:send:484 -  - "GET /wp-includes/js/wp-api.js HTTP/1.0" 404
2026-04-12 06:51:02.455 | INFO     | uvicorn.protocols.http.httptools_impl:send:484 -  - "GET /node_modules/dotenv/.env HTTP/1.0" 404
2026-04-12 06:51:02.455 | INFO     | uvicorn.protocols.http.httptools_impl:send:484 -  - "GET /node_modules/.env HTTP/1.0" 404
2026-04-12 06:51:02.528 | INFO     | uvicorn.protocols.http.httptools_impl:send:484 -  - "GET /js/config.js HTTP/1.0" 404
2026-04-12 06:51:02.529 | INFO     | uvicorn.protocols.http.httptools_impl:send:484 -  - "GET /js/vendor.js HTTP/1.0" 404
2026-04-12 06:51:02.576 | INFO     | uvicorn.protocols.http.httptools_impl:send:484 -  - "GET /_next/static/chunks/pages/_app.js HTTP/1.0" 404
2026-04-12 06:51:02.594 | INFO     | uvicorn.protocols.http.httptools_impl:send:484 -  - "GET /src/index.js HTTP/1.0" 404
2026-04-12 06:51:02.607 | INFO     | uvicorn.protocols.http.httptools_impl:send:484 -  - "GET /_next/static/chunks/pages/index.js HTTP/1.0" 404
2026-04-12 06:51:02.615 | INFO     | uvicorn.protocols.http.httptools_impl:send:484 -  - "GET /src/config.js HTTP/1.0" 404
2026-04-12 06:51:02.639 | INFO     | uvicorn.protocols.http.httptools_impl:send:484 -  - "GET /_next/static/chunks/webpack.js HTTP/1.0" 404
2026-04-12 06:51:02.643 | INFO     | uvicorn.protocols.http.httptools_impl:send:484 -  - "GET /src/constants.js HTTP/1.0" 404
2026-04-12 06:51:02.644 | INFO     | uvicorn.protocols.http.httptools_impl:send:484 -  - "GET /src/api/config.js HTTP/1.0" 404
2026-04-12 06:51:02.650 | INFO     | uvicorn.protocols.http.httptools_impl:send:484 -  - "GET /src/utils/api.js HTTP/1.0" 404
2026-04-12 06:51:02.666 | INFO     | uvicorn.protocols.http.httptools_impl:send:484 -  - "GET /src/services/api.js HTTP/1.0" 404
2026-04-12 06:51:02.682 | INFO     | uvicorn.protocols.http.httptools_impl:send:484 -  - "GET /app.min.js HTTP/1.0" 404
2026-04-12 06:51:02.687 | INFO     | uvicorn.protocols.http.httptools_impl:send:484 -  - "GET /main.min.js HTTP/1.0" 404
2026-04-12 06:51:02.754 | INFO     | uvicorn.protocols.http.httptools_impl:send:484 -  - "GET /bundle.min.js HTTP/1.0" 404
2026-04-12 06:51:02.771 | INFO     | uvicorn.protocols.http.httptools_impl:send:484 -  - "GET /vendor.min.js HTTP/1.0" 404
2026-04-12 06:51:02.810 | INFO     | uvicorn.protocols.http.httptools_impl:send:484 -  - "GET /all.min.js HTTP/1.0" 404
2026-04-12 06:51:02.856 | INFO     | uvicorn.protocols.http.httptools_impl:send:484 -  - "GET /wp-content/themes/theme/assets/js/app.js HTTP/1.0" 404
2026-04-12 06:51:02.890 | INFO     | uvicorn.protocols.http.httptools_impl:send:484 -  - "GET /scripts.min.js HTTP/1.0" 404
2026-04-12 06:51:02.891 | INFO     | uvicorn.protocols.http.httptools_impl:send:484 -  - "GET /main.js.map HTTP/1.0" 404
2026-04-12 06:51:02.902 | INFO     | uvicorn.protocols.http.httptools_impl:send:484 -  - "GET /bundle.js.map HTTP/1.0" 404
2026-04-12 06:51:02.972 | INFO     | uvicorn.protocols.http.httptools_impl:send:484 -  - "GET /wp-content/themes/theme/js/main.js HTTP/1.0" 404
2026-04-12 06:51:03.175 | INFO     | uvicorn.protocols.http.httptools_impl:send:484 -  - "GET /app.js.map HTTP/1.0" 404
2026-04-12 06:51:03.178 | INFO     | uvicorn.protocols.http.httptools_impl:send:484 -  - "GET /vendor.js.map HTTP/1.0" 404
2026-04-12 06:51:03.502 | INFO     | uvicorn.protocols.http.httptools_impl:send:484 -  - "GET /src/App.js HTTP/1.0" 404
2026-04-12 06:51:04.561 | INFO     | uvicorn.protocols.http.httptools_impl:send:484 -  - "GET /static/js/main.js.map HTTP/1.0" 404
2026-04-12 06:51:04.564 | INFO     | uvicorn.protocols.http.httptools_impl:send:484 -  - "GET /tsconfig.json HTTP/1.0" 404
2026-04-12 06:51:04.571 | INFO     | uvicorn.protocols.http.httptools_impl:send:484 -  - "GET /webpack.mix.js HTTP/1.0" 404
2026-04-12 06:51:04.594 | INFO     | uvicorn.protocols.http.httptools_impl:send:484 -  - "GET /static/js/bundle.js.map HTTP/1.0" 404
2026-04-12 06:51:04.597 | INFO     | uvicorn.protocols.http.httptools_impl:send:484 -  - "GET /static/js/main.chunk.js.map HTTP/1.0" 404
2026-04-12 06:51:04.714 | INFO     | uvicorn.protocols.http.httptools_impl:send:484 -  - "GET /dist/bundle.js.map HTTP/1.0" 404
2026-04-12 06:51:04.715 | INFO     | uvicorn.protocols.http.httptools_impl:send:484 -  - "GET /dist/main.js.map HTTP/1.0" 404
2026-04-12 06:51:04.765 | INFO     | uvicorn.protocols.http.httptools_impl:send:484 -  - "GET /build/static/js/main.js.map HTTP/1.0" 404
2026-04-12 06:51:04.813 | INFO     | uvicorn.protocols.http.httptools_impl:send:484 -  - "GET /vite.config.js HTTP/1.0" 404
2026-04-12 06:51:04.936 | INFO     | uvicorn.protocols.http.httptools_impl:send:484 -  - "GET /next.config.js HTTP/1.0" 404
2026-04-12 06:51:04.936 | INFO     | uvicorn.protocols.http.httptools_impl:send:484 -  - "GET /nuxt.config.js HTTP/1.0" 404
2026-04-12 06:51:04.938 | INFO     | uvicorn.protocols.http.httptools_impl:send:484 -  - "GET /webpack.config.js HTTP/1.0" 404
2026-04-12 06:51:04.950 | INFO     | uvicorn.protocols.http.httptools_impl:send:484 -  - "GET /js/bundle.js.map HTTP/1.0" 404
2026-04-12 06:51:04.971 | INFO     | uvicorn.protocols.http.httptools_impl:send:484 -  - "GET /assets/js/app.js.map HTTP/1.0" 404
2026-04-12 06:51:05.176 | INFO     | uvicorn.protocols.http.httptools_impl:send:484 -  - "GET /angular.json HTTP/1.0" 404
2026-04-12 06:51:05.205 | INFO     | uvicorn.protocols.http.httptools_impl:send:484 -  - "GET /.angular-cli.json HTTP/1.0" 404
2026-04-12 06:51:05.375 | INFO     | uvicorn.protocols.http.httptools_impl:send:484 -  - "GET /vue.config.js HTTP/1.0" 404
2026-04-12 06:51:05.691 | INFO     | uvicorn.protocols.http.httptools_impl:send:484 -  - "GET /angular-cli.json HTTP/1.0" 404
2026-04-12 06:51:05.693 | INFO     | uvicorn.protocols.http.httptools_impl:send:484 -  - "GET /.angular.json HTTP/1.0" 404
